ISim log file
Running: C:\Users\86178\Desktop\Study\CO\p6\mips_tb_isim_beh.exe -intstyle ise -gui -tclbatch isim.cmd -wdb C:/Users/86178/Desktop/Study/CO/p6/mips_tb_isim_beh.wdb 
ISim P.20131013 (signature 0x7708f090)
----------------------------------------------------------------------
WARNING:Security:42 - Your software subscription period has lapsed. Your current version of Xilinx tools will continue to function, but you no longer qualify for Xilinx software updates or new releases.


----------------------------------------------------------------------
This is a Full version of ISim.
Time resolution is 1 ps
# onerror resume
# wave add /
# run 1000 ns
Simulator is doing circuit initialization process.
Finished circuit initialization process.
                   5@00000000: $ 0 <= 00000000
                   6@00003000: $ 1 <= 00000054
                   6@00003004: *00000000 <= 00000054
                   8@00003008: $ 1 <= 00000040
                   8@0000300c: *00000004 <= 00000040
                  10@00003010: $ 1 <= 00000064
                  10@00003014: *00000008 <= 00000064
                  12@00003018: $ 1 <= 00000018
                  12@0000301c: *0000000c <= 00000018
                  14@00003020: $ 1 <= 0000001c
                  14@00003024: *00000010 <= 0000001c
                  16@00003028: $ 1 <= 00000024
                  16@0000302c: *00000014 <= 00000024
                  18@00003030: $ 1 <= 00000058
                  18@00003034: *00000018 <= 00000058
                  20@00003038: $ 1 <= 00000004
                  20@0000303c: *0000001c <= 00000004
                  22@00003040: $ 1 <= 000000c0
                  22@00003044: *00000020 <= 000000c0
                  24@00003048: $ 1 <= 0000009c
                  24@0000304c: *00000024 <= 0000009c
                  26@00003050: $ 1 <= 0000004c
                  26@00003054: *00000028 <= 0000004c
                  28@00003058: $ 1 <= 00000090
                  28@0000305c: *0000002c <= 00000090
                  30@00003060: $ 1 <= 00000080
                  30@00003064: *00000030 <= 00000080
                  32@00003068: $ 1 <= 00000050
                  32@0000306c: *00000034 <= 00000050
                  34@00003070: $ 1 <= 00000010
                  34@00003074: *00000038 <= 00000010
                  36@00003078: $ 1 <= 00000044
                  36@0000307c: *0000003c <= 00000044
                  38@00003080: $ 1 <= 00000074
                  38@00003084: *00000040 <= 00000074
                  40@00003088: $ 1 <= 0000003c
                  40@0000308c: *00000044 <= 0000003c
                  42@00003090: $ 1 <= 00000034
                  42@00003094: *00000048 <= 00000034
                  44@00003098: $ 1 <= 00000028
                  44@0000309c: *0000004c <= 00000028
                  46@000030a0: $ 1 <= 00000048
                  46@000030a4: *00000050 <= 00000048
                  48@000030a8: $ 1 <= 0000008c
                  48@000030ac: *00000054 <= 0000008c
                  50@000030b0: $ 1 <= 000000c4
                  50@000030b4: *00000058 <= 000000c4
                  52@000030b8: $ 1 <= 00000038
                  52@000030bc: *0000005c <= 00000038
                  54@000030c0: $ 1 <= 00000014
                  54@000030c4: *00000060 <= 00000014
                  56@000030c8: $ 1 <= 000000c8
                  56@000030cc: *00000064 <= 000000c8
                  58@000030d0: $ 1 <= 00000098
                  58@000030d4: *00000068 <= 00000098
                  60@000030d8: $ 1 <= 00000068
                  60@000030dc: *0000006c <= 00000068
                  62@000030e0: $ 1 <= 00000060
                  62@000030e4: *00000070 <= 00000060
                  64@000030e8: $ 1 <= 00000088
                  64@000030ec: *00000074 <= 00000088
                  66@000030f0: $ 1 <= 000000bc
                  66@000030f4: *00000078 <= 000000bc
                  68@000030f8: $ 1 <= 00000084
                  68@000030fc: *0000007c <= 00000084
                  70@00003100: $ 1 <= 000000b8
                  70@00003104: *00000080 <= 000000b8
                  72@00003108: $ 1 <= 000000b4
                  72@0000310c: *00000084 <= 000000b4
                  74@00003110: $ 1 <= 0000000c
                  74@00003114: *00000088 <= 0000000c
                  76@00003118: $ 1 <= 000000a0
                  76@0000311c: *0000008c <= 000000a0
                  78@00003120: $ 1 <= 00000030
                  78@00003124: *00000090 <= 00000030
                  80@00003128: $ 1 <= 000000ac
                  80@0000312c: *00000094 <= 000000ac
                  82@00003130: $ 1 <= 00000008
                  82@00003134: *00000098 <= 00000008
                  84@00003138: $ 1 <= 00000020
                  84@0000313c: *0000009c <= 00000020
                  86@00003140: $ 1 <= 0000006c
                  86@00003144: *000000a0 <= 0000006c
                  88@00003148: $ 1 <= 00000094
                  88@0000314c: *000000a4 <= 00000094
                  90@00003150: $ 1 <= 00000070
                  90@00003154: *000000a8 <= 00000070
                  92@00003158: $ 1 <= 00000078
                  92@0000315c: *000000ac <= 00000078
                  94@00003160: $ 1 <= 0000005c
                  94@00003164: *000000b0 <= 0000005c
                  96@00003168: $ 1 <= 0000002c
                  96@0000316c: *000000b4 <= 0000002c
                  98@00003170: $ 1 <= 0000007c
                  98@00003174: *000000b8 <= 0000007c
                 100@00003178: $ 1 <= 000000b0
                 100@0000317c: *000000bc <= 000000b0
                 102@00003180: $ 1 <= 000000a8
                 102@00003184: *000000c0 <= 000000a8
                 104@00003188: $ 1 <= 000000a4
                 104@0000318c: *000000c4 <= 000000a4
                 106@00003190: $ 0 <= 000000fc
                 107@00003194: $ 1 <= 000000fc
                 108@00003198: $ 2 <= 000000fc
                 109@0000319c: $ 3 <= 000000fc
                 110@000031a0: $ 4 <= 000000fc
                 111@000031a4: $ 5 <= 000000fc
                 112@000031a8: $ 6 <= 000000fc
                 113@000031ac: $ 7 <= 000000fc
                 114@000031b0: $ 8 <= 000000fc
                 115@000031b4: $ 9 <= 000000fc
                 116@000031b8: $10 <= 000000fc
                 117@000031bc: $11 <= 000000fc
                 118@000031c0: $12 <= 000000fc
                 119@000031c4: $13 <= 000000fc
                 120@000031c8: $14 <= 000000fc
                 121@000031cc: $15 <= 000000fc
                 122@000031d0: $16 <= 000000fc
                 123@000031d4: $17 <= 000000fc
                 124@000031d8: $18 <= 000000fc
                 125@000031dc: $19 <= 000000fc
                 126@000031e0: $20 <= 000000fc
                 127@000031e4: $21 <= 000000fc
                 128@000031e8: $22 <= 000000fc
                 129@000031ec: $23 <= 000000fc
                 130@000031f0: $24 <= 000000fc
                 131@000031f4: $25 <= 000000fc
                 132@000031f8: $26 <= 000000fc
                 133@000031fc: $27 <= 000000fc
                 134@00003200: $28 <= 000000fc
                 135@00003204: $29 <= 000000fc
                 136@00003208: $30 <= 000000fc
                 137@0000320c: $31 <= 000000fc
                 138@00003210: $27 <= 00000000
                 146@00003218: $27 <= 00000000
                 146@0000321c: *00000190 <= 00000000
                 148@00003220: $ 1 <= 00000000
                 149@00003224: $ 2 <= 00000000
                 150@00003228: $ 1 <= 00000083
                 151@0000322c: $ 2 <= 000000ef
                 152@00003230: $27 <= 0000000e
                 153@00003234: $22 <= 00000000
                 154@00003238: $ 0 <= 00000000
                 156@0000323c: $15 <= 0000003f
                 156@00003240: *00000168 <= 00000000
                 158@00003244: $ 1 <= 00000000
                 159@00003248: $ 2 <= 000000fc
                 160@0000324c: $ 1 <= 000000a4
                 161@00003250: $22 <= 000000d2
                 162@00003254: $ 0 <= 00000053
                 163@00003258: $ 0 <= 00000000
                 165@0000325c: $ 0 <= 0000001f
                 165@00003260: *00000194 <= 00000000
                 167@00003264: $ 1 <= 00000000
                 168@00003268: $ 2 <= 000000fc
                 169@0000326c: $ 1 <= 000000b9
                 170@00003270: $ 5 <= 000000e0
                 183@00003278: $ 5 <= 0000009c
                 185@0000327c: $ 5 <= 00000138
                 186@00003280: $ 1 <= 00000001
                 187@00003284: $ 2 <= 00000000
                 188@00003288: $ 2 <= 00000033
                 189@0000328c: $15 <= 000000be
                 202@00003294: $15 <= ffffffbc
                 203@00003298: $30 <= 000000fc
                 204@0000329c: $ 1 <= 00000001
                 205@000032a0: $ 2 <= 0000003e
                 206@000032a4: $15 <= 00000000
                 214@000032ac: $ 0 <= 000000c8
                 215@000032b0: $15 <= ffffffff
                 216@000032b4: $ 1 <= 00000000
                 217@000032b8: $ 2 <= 00000000
                 218@000032bc: $ 1 <= 000000b0
                 219@000032c0: $ 2 <= 000000fe
                 220@000032c4: $ 6 <= 000000fe
                 228@000032cc: $ 6 <= 000000c8
                 230@000032d0: $ 6 <= 00000000
                 231@000032d4: $ 1 <= 0000fc04
                 232@000032d8: $ 2 <= 00000000
                 233@000032dc: $ 2 <= 0000008c
                 234@000032e0: $ 6 <= 00000059
                 235@000032e4: $16 <= 00000001
                 236@000032e8: $ 0 <= 00000000
                 238@000032ec: $ 1 <= 00000018
                 239@000032f0: $16 <= 00000000
                 240@000032f4: $ 1 <= 0000fc04
                 241@000032f8: $ 2 <= 00000001
                 242@000032fc: $16 <= 000000aa
                 243@00003300: $ 0 <= 000000ed
                 244@00003304: $ 0 <= 00000000
                 246@00003308: $ 4 <= 00000030
                 247@0000330c: $ 0 <= 000000f2
                 248@00003310: $ 1 <= 000000fc
                 249@00003314: $ 2 <= 00000001
                 250@00003318: $ 7 <= 000000e8
                 263@00003320: $ 7 <= 00000010
                 265@00003324: $ 7 <= 00000040
                 266@00003328: $ 1 <= 00000001
                 267@0000332c: $ 2 <= 00000000
                 268@00003330: $ 2 <= 00000029
                 269@00003334: $ 2 <= 000000af
                 282@0000333c: $ 2 <= 0000000c
                 284@00003340: $ 2 <= 00000003
                 285@00003344: $ 1 <= 00000000
                 286@00003348: $ 2 <= 000000aa
                 287@0000334c: $ 1 <= 00000033
                 288@00003350: $13 <= 00000000
                 296@00003358: $ 0 <= 00000080
                 297@0000335c: $ 0 <= 00000000
                 298@00003360: $ 1 <= 00000000
                 299@00003364: $ 2 <= 00000000
                 300@00003368: $ 1 <= 00000049
                 301@0000336c: $ 2 <= 000000e2
                 302@00003370: $13 <= 000000a9
                 303@00003374: $ 8 <= 00000000
                 311@0000337c: $ 8 <= 00000034
                 313@00003380: $ 8 <= 00000040
                 314@00003384: $ 1 <= 00000000
                 315@00003388: $ 2 <= 00000000
                 316@0000338c: $ 1 <= 000000ce
                 317@00003390: $ 2 <= 00000017
                 318@00003394: $16 <= 0000008c
                 319@00003398: $ 0 <= 00000000
                 321@0000339c: $16 <= ffffff98
                 322@000033a0: $16 <= 00000074
                 323@000033a4: $ 1 <= 00000000
                 324@000033a8: $ 2 <= 000000fc
                 325@000033ac: $ 1 <= 000000bf
                 326@000033b0: $15 <= ffffff8a
                 327@000033b4: $ 0 <= 00000000
                 329@000033b8: $ 0 <= 00000034
                 330@000033bc: $15 <= 000000b8
                 331@000033c0: $ 1 <= ffffff8a
                 332@000033c4: $ 2 <= 000000fc
                 333@000033c8: $ 9 <= 00000194
                 346@000033d0: $ 9 <= 00000038
                 347@000033d4: *00000198 <= 00000038
                 349@000033d8: $ 1 <= 00000001
                 350@000033dc: $ 2 <= 00000000
                 351@000033e0: $ 2 <= 0000005f
                 352@000033e4: $16 <= 00000000
                 365@000033ec: $ 4 <= ffffffc4
                 366@000033f0: *000001b0 <= 00000000
                 368@000033f4: $ 1 <= 00000000
                 369@000033f8: $ 2 <= 00000000
                 370@000033fc: $ 1 <= 0000008b
                 371@00003400: $ 2 <= 000000c5
                 372@00003404: $16 <= 000000a7
                 373@00003408: $ 0 <= 000000fa
                 381@00003410: $22 <= 00000090
                 382@00003414: *00000190 <= 00000090
                 384@00003418: $ 1 <= 00000000
                 385@0000341c: $ 2 <= 00000000
                 386@00003420: $ 1 <= 0000004a
                 387@00003424: $ 2 <= 000000d7
                 388@00003428: $10 <= 00000000
                 396@00003430: $10 <= 00000064
                 398@00003434: $ 0 <= 00000000
                 400@00003438: $ 1 <= 00000000
                 401@0000343c: $ 2 <= 00000064
                 402@00003440: $ 1 <= 00000094
                 403@00003444: $16 <= 00000001
                 404@00003448: $ 0 <= 00000000
                 406@0000344c: $ 5 <= 00000010
                 419@00003454: $ 1 <= 00000001
                 420@00003458: $ 2 <= 00000000
                 421@0000345c: $ 2 <= 000000e3
                 422@00003460: $ 9 <= 0000004c
                 435@00003468: $ 9 <= 0000000c
                 443@00003470: $ 1 <= 00000000
                 444@00003474: $ 2 <= 00000000
                 445@00003478: $ 1 <= 00000047
                 446@0000347c: $ 2 <= 00000030
                 447@00003480: $11 <= 0000011e
                 455@00003488: $11 <= ffffff84
                 459@00003490: $11 <= ffffff85
                 460@00003498: $ 1 <= 00013f84
                 461@0000349c: $ 2 <= 00000000
                 462@000034a0: $ 2 <= 00000042
                 463@000034a4: $16 <= 00000085
                 464@000034a8: $ 0 <= 00000000
                 466@000034ac: $ 6 <= 00000050
                 470@000034b4: $16 <= 00000051
                 471@000034bc: $ 1 <= 00013f84
                 472@000034c0: $ 2 <= 00000059
                 473@000034c4: $ 0 <= 00000018
                 474@000034c8: $ 0 <= 00000000
                 476@000034cc: $ 0 <= 00000090
                 478@000034d4: $ 0 <= 00000001
                 479@000034dc: $ 1 <= 00000000
                 480@000034e0: $ 2 <= 00000059
                 481@000034e4: $ 1 <= 000000ae
                 482@000034e8: $12 <= 000000fd
                 495@000034f0: $12 <= 00000028
                 499@000034f8: $12 <= 00000001
                 500@000034fc: $ 0 <= 00000002
                 501@00003500: $ 1 <= 00000001
                 502@00003504: $ 2 <= 00000000
                 503@00003508: $ 2 <= 00000078
                 504@0000350c: $ 7 <= 00000000
                 517@00003514: $ 7 <= 00000084
                 521@0000351c: $ 7 <= 00000085
                 522@00003520: $ 7 <= 00000086
                 523@00003524: $ 1 <= 00000000
                 524@00003528: $ 2 <= 00000000
                 525@0000352c: $ 1 <= 000000d6
                 526@00003530: $ 2 <= 00000098
                 527@00003534: $ 0 <= 00000000
                 535@0000353c: $ 0 <= 00000074
                 537@00003544: $25 <= 00000001
                 538@00003548: $ 0 <= 00000002
                 539@0000354c: $ 1 <= 00000000
                 540@00003550: $ 2 <= 00000000
                 541@00003554: $ 1 <= 000000e8
                 542@00003558: $ 2 <= 0000006d
                 543@0000355c: $13 <= 000000bf
                 551@00003564: $13 <= 00000050
                 555@0000356c: $13 <= 00000051
                 556@00003574: $ 1 <= 00008e81
                 557@00003578: $ 2 <= 00000000
                 558@0000357c: $ 2 <= 000000c6
                 559@00003580: $16 <= 00000065
                 560@00003584: $ 0 <= 00000000
                 562@00003588: $16 <= 00000058
                 566@00003590: $16 <= 00000059
                 567@00003598: $ 1 <= 00008e81
                 568@0000359c: $ 2 <= 00000040
                 569@000035a0: $ 7 <= ffffffc2
                 570@000035a4: $ 0 <= 00000000
                 572@000035a8: $ 0 <= 000000bc
                 574@000035b0: $ 0 <= 00000001
                 575@000035b4: $ 0 <= 00000001
                 576@000035b8: $ 1 <= ffffffc2
                 577@000035bc: $ 2 <= 00000040
                 578@000035c0: $14 <= 00000078
                 591@000035c8: $14 <= 0000003c
                 595@000035d0: $14 <= 0000003d
                 596@000035d8: $ 1 <= 00000001
                 597@000035dc: $ 2 <= 00000000
                 598@000035e0: $ 2 <= 00000046
                 599@000035e4: $ 9 <= 0000005d
                 612@000035ec: $16 <= 0000003c
                 616@000035f4: $16 <= 0000003d
                 617@000035fc: $ 1 <= 00000001
                 618@00003600: $ 2 <= 00000000
                 619@00003604: $ 2 <= 00000003
                 620@00003608: $28 <= 00000000
                 628@00003610: $ 0 <= 00000014
                 630@00003618: $28 <= 00000001
                 631@0000361c: $28 <= 00000002
                 632@00003620: $ 1 <= 00000000
                 633@00003624: $ 2 <= 00000000
                 634@00003628: $ 1 <= 00000061
                 635@0000362c: $ 2 <= 00000087
                 636@00003630: $20 <= 00000000
                 644@00003638: $ 0 <= 00000000
                 646@0000363c: $20 <= 000000c4
                 647@00003640: $ 1 <= 00000000
                 648@00003644: $ 2 <= 00000000
                 649@00003648: $ 1 <= 00000079
                 650@0000364c: $ 2 <= 00000084
                 651@00003650: $16 <= 0000000c
                 652@00003654: $ 0 <= 00000000
                 666@0000365c: $16 <= 000000b4
                 667@00003660: $ 1 <= 00000001
                 668@00003664: $ 2 <= 00000000
                 669@00003668: $ 2 <= 000000fd
                 670@0000366c: $ 0 <= ffffff54
                 690@00003678: $13 <= 00000040
                 691@0000367c: $ 1 <= 00000000
                 692@00003680: $ 2 <= 00000000
                 693@00003684: $ 1 <= 000000ed
                 694@00003688: $ 2 <= 00000084
                 695@0000368c: $21 <= 00000117
                 703@00003694: $ 0 <= 00000000
                 704@00003698: *000001a0 <= 00000017
                 706@0000369c: $ 1 <= 00013011
                 707@000036a0: $ 2 <= 00000117
                 708@000036a4: $16 <= 00000014
                 709@000036a8: $ 0 <= 00000000
                 722@000036b0: *000001d8 <= 00000014
                 724@000036b4: $ 1 <= 00000001
                 725@000036b8: $ 2 <= 00000000
                 726@000036bc: $ 2 <= 0000008f
                 727@000036c0: $12 <= 000000db
                 746@000036cc: *000001ac <= 00000000
                 748@000036d0: $ 1 <= 00000000
                 749@000036d4: $ 2 <= 00000000
                 750@000036d8: $ 1 <= 0000009b
                 751@000036dc: $ 2 <= 000000cc
                 752@000036e0: $ 2 <= 00000000
                 760@000036e8: $ 2 <= 00000000
                 761@000036ec: $ 2 <= ffffff84
                 762@000036f0: $ 1 <= 00000000
                 763@000036f4: $ 2 <= 00000000
                 764@000036f8: $ 1 <= 000000d6
                 765@000036fc: $ 2 <= 0000006f
                 766@00003700: $16 <= 00000000
                 767@00003704: $ 0 <= 00000000
                 769@00003708: $16 <= 00000000
                 770@0000370c: $27 <= 00000020
                 771@00003710: $ 1 <= 00000000
                 772@00003714: $ 2 <= 0000000e
                 773@00003718: $ 1 <= 000000fe
                 774@0000371c: $16 <= 00000002
                 775@00003720: $11 <= ffffff29
                 776@00003724: $ 0 <= 00000000
                 778@00003728: $11 <= 0000000e
                 779@0000372c: $11 <= 00000048
                 780@00003730: $ 1 <= ffffff29
                 781@00003734: $ 2 <= 0000000e
                 782@00003738: $ 3 <= 0000019e
                 795@00003740: $ 3 <= 00000001
                 795@00003744: *00000164 <= 00000001
                 797@00003748: $ 1 <= 00000001
                 798@0000374c: $ 2 <= 00000000
                 799@00003750: $ 2 <= 00000046
                 800@00003754: $16 <= ffffff20
                 813@0000375c: $16 <= 00000000
                 813@00003760: *000001b8 <= 00000002
                 815@00003764: $ 1 <= 7fffff90
                 816@00003768: $ 2 <= 00000000
                 817@0000376c: $ 2 <= 000000f2
                 818@00003770: $16 <= 0000005e
                 819@00003774: $ 0 <= 00000060
                 827@0000377c: $24 <= 00000000
                 827@00003780: *0000018c <= 00000000
                 829@00003784: $ 1 <= 00000000
                 830@00003788: $ 2 <= 00000000
                 831@0000378c: $ 1 <= 000000a2
                 832@00003790: $ 2 <= 0000002a
                 833@00003794: $24 <= 00000085
                 834@00003798: $14 <= 0000003d
                 842@000037a0: $14 <= 00000000
                 843@000037a4: $14 <= 00000060
                 844@000037a8: $ 1 <= 00000e89
                 845@000037ac: $ 2 <= 00000000
                 846@000037b0: $ 2 <= 0000006d
                 847@000037b4: $17 <= 00000000
                 848@000037b8: $ 0 <= 00000000
                 850@000037bc: $17 <= 00000000
                 851@000037c0: $17 <= 00000044
                 852@000037c4: $ 1 <= 00000e89
                 853@000037c8: $ 2 <= 00000000
                 854@000037cc: $ 2 <= 000000b1
                 855@000037d0: $ 0 <= 00000000
                 856@000037d4: $ 0 <= 00000000
                 858@000037d8: $19 <= 00030000
                 859@000037dc: $19 <= 00000004
                 860@000037e0: $ 1 <= 000000fc
                 861@000037e4: $ 2 <= 00000000
                 862@000037e8: $ 2 <= 0000005e
                 863@000037ec: $15 <= 000000a6
                 876@000037f4: $15 <= 00040000
                 876@000037f8: *00000194 <= 00000000
                 878@000037fc: $ 1 <= 00000001
                 879@00003800: $ 2 <= 00000000
                 880@00003804: $ 2 <= 000000a0
                 881@00003808: $10 <= 0000005c
                 894@00003810: $17 <= 00050000
                 894@00003814: *000001c0 <= 0000005c
                 896@00003818: $ 1 <= 00000001
                 897@0000381c: $ 2 <= 00000018
                 898@00003820: $ 0 <= ffffffd8
                 906@00003828: $ 0 <= 00020000
                 906@0000382c: *0000018c <= 00000018
                 908@00003830: $ 1 <= 00000000
                 909@00003834: $ 2 <= 00000000
                 910@00003838: $ 1 <= 00000007
                 911@0000383c: $ 2 <= 00000019
                 912@00003840: $31 <= 00000014
                 920@00003848: $31 <= 00003850
                 921@0000384c: $31 <= 00000054
                 922@00003854: $ 1 <= 00000190
                 923@00003858: $ 2 <= 00000000
                 924@0000385c: $ 2 <= 0000007b
                 925@00003860: $31 <= 00000077
                 926@00003864: $ 0 <= 00000000
                 928@00003868: $31 <= 00003870
                 929@0000386c: $29 <= 00000050
                 930@00003874: $ 1 <= 00000190
                 931@00003878: $ 2 <= 000000fc
                 932@0000387c: $ 0 <= 00000000
                 933@00003880: $ 0 <= 00000000
                 935@00003884: $31 <= 0000388c
                 936@00003888: $ 0 <= 00000030
                 937@00003890: $ 1 <= 00003870
                 938@00003894: $ 2 <= 000000fc
                 939@00003898: $31 <= 00000000
                 952@000038a0: $31 <= 000038a8
                 952@000038a4: *00000184 <= 000000a8
                 954@000038ac: $ 1 <= 00000000
                 955@000038b0: $ 2 <= 00000000
                 956@000038b4: $ 1 <= 0000002d
                 957@000038b8: $ 2 <= 000000c7
                 958@000038bc: $29 <= 000038db
                 971@000038c4: $31 <= 000038cc
                 971@000038c8: *000001ac <= 000038cc
                 973@000038d0: $ 1 <= 00000001
                 974@000038d4: $ 2 <= 00000000
                 975@000038d8: $ 2 <= 0000001c
                 976@000038dc: $ 0 <= 00000088
                 984@000038e4: $31 <= 000038ec
                 984@000038e8: *00000168 <= 00000000
                 986@000038f0: $ 1 <= 00000000
                 987@000038f4: $ 2 <= 00000000
                 988@000038f8: $ 1 <= 0000002e
                 989@000038fc: $ 2 <= 00000036
                 990@00003900: $19 <= 00003918
                 991@00003904: $26 <= 0000013d
                 999@0000390c: $26 <= 00003914
                1000@00003910: $26 <= 000000bc
