ISim log file
Running: C:\Users\86178\Desktop\Study\CO\p7\mips_tb_isim_beh.exe -intstyle ise -gui -tclbatch isim.cmd -wdb C:/Users/86178/Desktop/Study/CO/p7/mips_tb_isim_beh.wdb 
ISim P.20131013 (signature 0x7708f090)
----------------------------------------------------------------------
WARNING:Security:42 - Your software subscription period has lapsed. Your current version of Xilinx tools will continue to function, but you no longer qualify for Xilinx software updates or new releases.


----------------------------------------------------------------------
This is a Full version of ISim.
Time resolution is 1 ps
# onerror resume
# wave add /
# run 1000 ns
Simulator is doing circuit initialization process.
Finished circuit initialization process.
                  55@00003000: $ 1 <= 0000fc01
                  75@00003008: $ 1 <= 000000e9
                  85@0000300c: $ 2 <= 000000e9
                  95@00003010: $ 3 <= 000000e9
                 105@00003014: $ 4 <= 000000e9
                 115@00003018: $ 5 <= 000000e9
                 125@0000301c: $ 6 <= 000000e9
                 135@00003020: $ 7 <= 000000e9
                 145@00003024: $ 8 <= 000000e9
                 155@00003028: $ 9 <= 000000e9
                 165@0000302c: $10 <= 000000e9
                 175@00003030: $11 <= 000000e9
                 185@00003034: $12 <= 000000e9
                 195@00003038: $13 <= 000000e9
                 205@0000303c: $14 <= 000000e9
                 215@00003040: $15 <= 000000e9
                 225@00003044: $16 <= 000000e9
                 235@00003048: $17 <= 000000e9
                 245@0000304c: $18 <= 000000e9
                 255@00003050: $19 <= 000000e9
                 265@00003054: $20 <= 000000e9
                 275@00003058: $21 <= 000000e9
                 285@0000305c: $22 <= 000000e9
                 295@00003060: $23 <= 000000e9
                 305@00003064: $24 <= 000000e9
                 315@00003068: $25 <= 000000e9
                 325@0000306c: $26 <= 000000e9
                 335@00003070: $27 <= 000000e9
                 345@00003074: $28 <= 000000e9
                 355@00003078: $29 <= 000000e9
                 365@0000307c: $30 <= 000000e9
                 375@00003080: $31 <= 000000e9
                 385@00003084: $ 4 <= 00003094
                 395@00003088: $ 8 <= 00000001
                 445@00004180: $15 <= 0000fc03
                 455@00004184: $15 <= 00001000
                 465@00004188: $15 <= 0000308c
                 475@0000418c: $15 <= 00003094
                 615@00003094: $ 8 <= 00000000
                 625@00003098: $ 8 <= 00000000
                 695@000030b4: $ 4 <= 000030cc
                 695@000030b8: *00000064 <= 00000000
                 715@000030bc: $ 8 <= 000000e9
                 725@000030c0: $ 8 <= 00000000
                 775@00004180: $15 <= 0000fc03
                 785@00004184: $15 <= 00001000
                 795@00004188: $15 <= 000030c4
                 805@0000418c: $15 <= 000030cc
                 945@000030cc: $ 8 <= 00000000
                 955@000030d0: $ 8 <= 00000000
ISim P.20131013 (signature 0x7708f090)
----------------------------------------------------------------------
WARNING:Security:42 - Your software subscription period has lapsed. Your current version of Xilinx tools will continue to function, but you no longer qualify for Xilinx software updates or new releases.


----------------------------------------------------------------------
This is a Full version of ISim.
# run 1000 ns
Simulator is doing circuit initialization process.
Finished circuit initialization process.
                  55@00003000: $ 1 <= 0000fc01
                  75@00003008: $ 1 <= 000000e9
                  85@0000300c: $ 2 <= 000000e9
                  95@00003010: $ 3 <= 000000e9
                 105@00003014: $ 4 <= 000000e9
                 115@00003018: $ 5 <= 000000e9
                 125@0000301c: $ 6 <= 000000e9
                 135@00003020: $ 7 <= 000000e9
                 145@00003024: $ 8 <= 000000e9
                 155@00003028: $ 9 <= 000000e9
                 165@0000302c: $10 <= 000000e9
                 175@00003030: $11 <= 000000e9
                 185@00003034: $12 <= 000000e9
                 195@00003038: $13 <= 000000e9
                 205@0000303c: $14 <= 000000e9
                 215@00003040: $15 <= 000000e9
                 225@00003044: $16 <= 000000e9
                 235@00003048: $17 <= 000000e9
                 245@0000304c: $18 <= 000000e9
                 255@00003050: $19 <= 000000e9
                 265@00003054: $20 <= 000000e9
                 275@00003058: $21 <= 000000e9
                 285@0000305c: $22 <= 000000e9
                 295@00003060: $23 <= 000000e9
                 305@00003064: $24 <= 000000e9
                 315@00003068: $25 <= 000000e9
                 325@0000306c: $26 <= 000000e9
                 335@00003070: $27 <= 000000e9
                 345@00003074: $28 <= 000000e9
                 355@00003078: $29 <= 000000e9
                 365@0000307c: $30 <= 000000e9
                 375@00003080: $31 <= 000000e9
                 385@00003084: $ 4 <= 0000309c
                 385@00003088: *00000064 <= 000000e9
                 405@0000308c: $ 8 <= 000000e9
                 415@00003090: $ 8 <= 000000e9
                 465@00004180: $15 <= 0000fc03
                 475@00004184: $15 <= 00001000
                 485@00004188: $15 <= 00003094
                 495@0000418c: $15 <= 0000309c
                 635@0000309c: $ 8 <= 00000000
                 645@000030a0: $ 8 <= 00000000
                 715@000030bc: $ 4 <= 000030d4
                 725@000030c0: $ 8 <= 0000309c
                 775@00004180: $15 <= 0000fc03
                 785@00004184: $15 <= 00001000
                 795@00004188: $15 <= 000030c4
                 805@0000418c: $15 <= 000030d4
                 945@000030d4: $ 8 <= 00000000
                 955@000030d8: $ 8 <= 00000000
ISim P.20131013 (signature 0x7708f090)
----------------------------------------------------------------------
WARNING:Security:42 - Your software subscription period has lapsed. Your current version of Xilinx tools will continue to function, but you no longer qualify for Xilinx software updates or new releases.


----------------------------------------------------------------------
This is a Full version of ISim.
# run 1000 ns
Simulator is doing circuit initialization process.
Finished circuit initialization process.
                  55@00003000: $16 <= 00000068
                  55@00003004: *00000004 <= 00000068
                  75@00003008: $16 <= 0000000c
                  75@0000300c: *00000008 <= 0000000c
                  95@00003010: $16 <= 0000005c
                  95@00003014: *0000000c <= 0000005c
                 115@00003018: $16 <= 00000050
                 115@0000301c: *00000010 <= 00000050
                 135@00003020: $16 <= 0000004c
                 135@00003024: *00000014 <= 0000004c
                 155@00003028: $16 <= 00000044
                 155@0000302c: *00000018 <= 00000044
                 175@00003030: $16 <= 00000038
                 175@00003034: *0000001c <= 00000038
                 195@00003038: $16 <= 0000006c
                 195@0000303c: *00000020 <= 0000006c
                 215@00003040: $16 <= 00000040
                 215@00003044: *00000024 <= 00000040
                 235@00003048: $16 <= 00000004
                 235@0000304c: *00000028 <= 00000004
                 255@00003050: $16 <= 00000010
                 255@00003054: *0000002c <= 00000010
                 275@00003058: $16 <= 00000074
                 275@0000305c: *00000030 <= 00000074
                 295@00003060: $16 <= 0000001c
                 295@00003064: *00000034 <= 0000001c
                 315@00003068: $16 <= 00000060
                 315@0000306c: *00000038 <= 00000060
                 335@00003070: $16 <= 0000002c
                 335@00003074: *0000003c <= 0000002c
                 355@00003078: $16 <= 00000008
                 355@0000307c: *00000040 <= 00000008
                 375@00003080: $16 <= 00000014
                 375@00003084: *00000044 <= 00000014
                 395@00003088: $16 <= 00000028
                 395@0000308c: *00000048 <= 00000028
                 415@00003090: $16 <= 00000058
                 415@00003094: *0000004c <= 00000058
                 435@00003098: $16 <= 00000048
                 435@0000309c: *00000050 <= 00000048
                 455@000030a0: $16 <= 00000020
                 455@000030a4: *00000054 <= 00000020
                 475@000030a8: $16 <= 00000064
                 475@000030ac: *00000058 <= 00000064
                 495@000030b0: $16 <= 00000034
                 495@000030b4: *0000005c <= 00000034
                 515@000030b8: $16 <= 00000078
                 515@000030bc: *00000060 <= 00000078
                 535@000030c0: $16 <= 00000018
                 535@000030c4: *00000064 <= 00000018
                 555@000030c8: $16 <= 0000003c
                 555@000030cc: *00000068 <= 0000003c
                 575@000030d0: $16 <= 00000054
                 575@000030d4: *0000006c <= 00000054
                 595@000030d8: $16 <= 00000070
                 595@000030dc: *00000070 <= 00000070
                 615@000030e0: $16 <= 00000030
                 615@000030e4: *00000074 <= 00000030
                 635@000030e8: $16 <= 00000024
                 635@000030ec: *00000078 <= 00000024
                 655@000030f0: $ 1 <= 0000fc01
                 675@000030f8: $ 1 <= 000000e9
                 685@000030fc: $ 2 <= 000000e9
                 695@00003100: $ 3 <= 000000e9
                 705@00003104: $ 4 <= 000000e9
                 715@00003108: $ 5 <= 000000e9
                 725@0000310c: $ 6 <= 000000e9
                 735@00003110: $ 7 <= 000000e9
                 745@00003114: $ 8 <= 000000e9
                 755@00003118: $ 9 <= 000000e9
                 765@0000311c: $10 <= 000000e9
                 775@00003120: $11 <= 000000e9
                 785@00003124: $12 <= 000000e9
                 795@00003128: $13 <= 000000e9
                 805@0000312c: $14 <= 000000e9
                 815@00003130: $15 <= 000000e9
                 825@00003134: $16 <= 000000e9
                 835@00003138: $17 <= 000000e9
                 845@0000313c: $18 <= 000000e9
                 855@00003140: $19 <= 000000e9
                 865@00003144: $20 <= 000000e9
                 875@00003148: $21 <= 000000e9
                 885@0000314c: $22 <= 000000e9
                 895@00003150: $23 <= 000000e9
                 905@00003154: $24 <= 000000e9
                 915@00003158: $25 <= 000000e9
                 925@0000315c: $26 <= 000000e9
                 935@00003160: $27 <= 000000e9
                 945@00003164: $28 <= 000000e9
                 955@00003168: $29 <= 000000e9
                 965@0000316c: $30 <= 000000e9
                 975@00003170: $31 <= 000000e9
                 985@00003174: $18 <= ffffff17
                 995@00003178: $ 4 <= 00003188
