Running: C:\Xilinx\14.7\ISE_DS\ISE\bin\nt64\unwrapped\fuse.exe -intstyle ise -incremental -lib unisims_ver -lib unimacro_ver -lib xilinxcorelib_ver -lib secureip -o C:/Users/86178/Desktop/Study/CO/p5/mips_tb_isim_beh.exe -prj C:/Users/86178/Desktop/Study/CO/p5/mips_tb_beh.prj work.mips_tb work.glbl 
ISim P.20131013 (signature 0x7708f090)
Number of CPUs detected in this system: 12
Turning on mult-threading, number of parallel sub-compilation jobs: 24 
Determining compilation order of HDL files
Analyzing Verilog file "C:/Users/86178/Desktop/Study/CO/p5/MUX_4.v" into library work
Analyzing Verilog file "C:/Users/86178/Desktop/Study/CO/p5/NPCcalu.v" into library work
Analyzing Verilog file "C:/Users/86178/Desktop/Study/CO/p5/GRF.v" into library work
Analyzing Verilog file "C:/Users/86178/Desktop/Study/CO/p5/Ext.v" into library work
Analyzing Verilog file "C:/Users/86178/Desktop/Study/CO/p5/Dm.v" into library work
Analyzing Verilog file "C:/Users/86178/Desktop/Study/CO/p5/Control.v" into library work
Analyzing Verilog file "C:/Users/86178/Desktop/Study/CO/p5/BrCmp.v" into library work
Analyzing Verilog file "C:/Users/86178/Desktop/Study/CO/p5/ATControl.v" into library work
Analyzing Verilog file "C:/Users/86178/Desktop/Study/CO/p5/ALU.v" into library work
Analyzing Verilog file "C:/Users/86178/Desktop/Study/CO/p5/WB_part.v" into library work
Analyzing Verilog file "C:/Users/86178/Desktop/Study/CO/p5/MEM_part.v" into library work
Analyzing Verilog file "C:/Users/86178/Desktop/Study/CO/p5/MEMtoWBreg.v" into library work
Analyzing Verilog file "C:/Users/86178/Desktop/Study/CO/p5/IFU.v" into library work
Analyzing Verilog file "C:/Users/86178/Desktop/Study/CO/p5/IFtoIDreg.v" into library work
Analyzing Verilog file "C:/Users/86178/Desktop/Study/CO/p5/IDtoEXreg.v" into library work
Analyzing Verilog file "C:/Users/86178/Desktop/Study/CO/p5/Ex_part.v" into library work
Analyzing Verilog file "C:/Users/86178/Desktop/Study/CO/p5/EXtoMEMreg.v" into library work
Analyzing Verilog file "C:/Users/86178/Desktop/Study/CO/p5/D_part.v" into library work
Analyzing Verilog file "C:/Users/86178/Desktop/Study/CO/p5/TransStallController.v" into library work
Analyzing Verilog file "C:/Users/86178/Desktop/Study/CO/p5/Datapath.v" into library work
Analyzing Verilog file "C:/Users/86178/Desktop/Study/CO/p5/mips.v" into library work
Analyzing Verilog file "C:/Users/86178/Desktop/Study/CO/p5/mips_tb.v" into library work
Analyzing Verilog file "C:/Xilinx/14.7/ISE_DS/ISE//verilog/src/glbl.v" into library work
Starting static elaboration
WARNING:HDLCompiler:1016 - "C:/Users/86178/Desktop/Study/CO/p5/D_part.v" Line 136: Port ALUSrc is not connected to this instance
WARNING:HDLCompiler:1016 - "C:/Users/86178/Desktop/Study/CO/p5/D_part.v" Line 152: Port WriteA is not connected to this instance
WARNING:HDLCompiler:1016 - "C:/Users/86178/Desktop/Study/CO/p5/Ex_part.v" Line 82: Port MemtoReg is not connected to this instance
WARNING:HDLCompiler:1016 - "C:/Users/86178/Desktop/Study/CO/p5/Ex_part.v" Line 89: Port Tuse1 is not connected to this instance
WARNING:HDLCompiler:1016 - "C:/Users/86178/Desktop/Study/CO/p5/MEM_part.v" Line 43: Port isMemh is not connected to this instance
WARNING:HDLCompiler:1016 - "C:/Users/86178/Desktop/Study/CO/p5/MEM_part.v" Line 80: Port ALUSrc is not connected to this instance
WARNING:HDLCompiler:1016 - "C:/Users/86178/Desktop/Study/CO/p5/MEM_part.v" Line 88: Port Tuse1 is not connected to this instance
WARNING:HDLCompiler:1016 - "C:/Users/86178/Desktop/Study/CO/p5/WB_part.v" Line 32: Port ALUSrc is not connected to this instance
WARNING:HDLCompiler:1016 - "C:/Users/86178/Desktop/Study/CO/p5/WB_part.v" Line 37: Port Tuse1 is not connected to this instance
Completed static elaboration
Compiling module IFU
Compiling module IFtoIDreg
Compiling module GRF
Compiling module Ext
Compiling module MUX_4
Compiling module NPCcalu
Compiling module Control
Compiling module BrCmp
Compiling module ATControl
Compiling module D_part
Compiling module IDtoEXreg
Compiling module ALU
Compiling module Ex_part
Compiling module EXtoMEMreg
Compiling module MUX_4(Width=8)
Compiling module Dm
Compiling module MEM_part
Compiling module MEMtoWBreg
Compiling module WB_part
Compiling module Datapath
Compiling module TransStallController
Compiling module mips
Compiling module mips_tb
Compiling module glbl
Time Resolution for simulation is 1ps.
Waiting for 1 sub-compilation(s) to finish...
WARNING:Simulator - Unable to copy libPortabilityNOSH.dll to the simulation executable directory: boost::filesystem::copy_file: 系统找不到指定的路径。, "isim\mips_tb_isim_beh.exe.sim\libPortability.dll".
Compiled 24 Verilog Units
Built simulation executable C:/Users/86178/Desktop/Study/CO/p5/mips_tb_isim_beh.exe
Fuse Memory Usage: 30488 KB
Fuse CPU Usage: 1062 ms
