ISim log file
Running: C:\Users\86178\Desktop\Study\CO\p5\mips_tb_isim_beh.exe -intstyle ise -gui -tclbatch isim.cmd -wdb C:/Users/86178/Desktop/Study/CO/p5/mips_tb_isim_beh.wdb 
ISim P.20131013 (signature 0x7708f090)
----------------------------------------------------------------------
WARNING:Security:42 - Your software subscription period has lapsed. Your current version of Xilinx tools will continue to function, but you no longer qualify for Xilinx software updates or new releases.


----------------------------------------------------------------------
This is a Full version of ISim.
Time resolution is 1 ps
# onerror resume
# wave add /
# run 1000 ns
Simulator is doing circuit initialization process.
Finished circuit initialization process.
                   2@00000000: $ 0 <= 00000000
                   3@00000000: $ 0 <= 00000000
                   4@00000000: $ 0 <= 00000000
                   5@00000000: $ 0 <= 00000000
                   6@00003000: $16 <= 00000068
                   6@00003004: *00000004 <= 00000068
                   8@00003008: $16 <= 0000000c
                   8@0000300c: *00000008 <= 0000000c
                  10@00003010: $16 <= 0000005c
                  10@00003014: *0000000c <= 0000005c
                  12@00003018: $16 <= 00000050
                  12@0000301c: *00000010 <= 00000050
                  14@00003020: $16 <= 0000004c
                  14@00003024: *00000014 <= 0000004c
                  16@00003028: $16 <= 00000044
                  16@0000302c: *00000018 <= 00000044
                  18@00003030: $16 <= 00000038
                  18@00003034: *0000001c <= 00000038
                  20@00003038: $16 <= 0000006c
                  20@0000303c: *00000020 <= 0000006c
                  22@00003040: $16 <= 00000040
                  22@00003044: *00000024 <= 00000040
                  24@00003048: $16 <= 00000004
                  24@0000304c: *00000028 <= 00000004
                  26@00003050: $16 <= 00000010
                  26@00003054: *0000002c <= 00000010
                  28@00003058: $16 <= 00000074
                  28@0000305c: *00000030 <= 00000074
                  30@00003060: $16 <= 0000001c
                  30@00003064: *00000034 <= 0000001c
                  32@00003068: $16 <= 00000060
                  32@0000306c: *00000038 <= 00000060
                  34@00003070: $16 <= 0000002c
                  34@00003074: *0000003c <= 0000002c
                  36@00003078: $16 <= 00000008
                  36@0000307c: *00000040 <= 00000008
                  38@00003080: $16 <= 00000014
                  38@00003084: *00000044 <= 00000014
                  40@00003088: $16 <= 00000028
                  40@0000308c: *00000048 <= 00000028
                  42@00003090: $16 <= 00000058
                  42@00003094: *0000004c <= 00000058
                  44@00003098: $16 <= 00000048
                  44@0000309c: *00000050 <= 00000048
                  46@000030a0: $16 <= 00000020
                  46@000030a4: *00000054 <= 00000020
                  48@000030a8: $16 <= 00000064
                  48@000030ac: *00000058 <= 00000064
                  50@000030b0: $16 <= 00000034
                  50@000030b4: *0000005c <= 00000034
                  52@000030b8: $16 <= 00000078
                  52@000030bc: *00000060 <= 00000078
                  54@000030c0: $16 <= 00000018
                  54@000030c4: *00000064 <= 00000018
                  56@000030c8: $16 <= 0000003c
                  56@000030cc: *00000068 <= 0000003c
                  58@000030d0: $16 <= 00000054
                  58@000030d4: *0000006c <= 00000054
                  60@000030d8: $16 <= 00000070
                  60@000030dc: *00000070 <= 00000070
                  62@000030e0: $16 <= 00000030
                  62@000030e4: *00000074 <= 00000030
                  64@000030e8: $16 <= 00000024
                  64@000030ec: *00000078 <= 00000024
                  66@000030f0: $ 1 <= 00005b25
                  67@000030f4: $ 2 <= 00005b25
                  68@000030f8: $ 3 <= 00005b25
                  69@000030fc: $ 4 <= 00005b25
                  70@00003100: $ 5 <= 00005b25
                  71@00003104: $ 6 <= 00005b25
                  72@00003108: $ 7 <= 00005b25
                  73@0000310c: $ 8 <= 00005b25
                  74@00003110: $ 9 <= 00005b25
                  75@00003114: $10 <= 00005b25
                  76@00003118: $11 <= 00005b25
                  77@0000311c: $12 <= 00005b25
                  78@00003120: $13 <= 00005b25
                  79@00003124: $14 <= 00005b25
                  80@00003128: $15 <= 00005b25
                  81@0000312c: $16 <= 00005b25
                  82@00003130: $17 <= 00005b25
                  83@00003134: $18 <= 00005b25
                  84@00003138: $19 <= 00005b25
                  85@0000313c: $20 <= 00005b25
                  86@00003140: $21 <= 00005b25
                  87@00003144: $22 <= 00005b25
                  88@00003148: $23 <= 00005b25
                  89@0000314c: $24 <= 00005b25
                  90@00003150: $25 <= 00005b25
                  91@00003154: $26 <= 00005b25
                  92@00003158: $27 <= 00005b25
                  93@0000315c: $28 <= 00005b25
                  94@00003160: $29 <= 00005b25
                  95@00003164: $30 <= 00005b25
                  96@00003168: $31 <= 00005b25
                  97@0000316c: $ 8 <= 00000008
                  98@00003170: $10 <= ffffd000
                  99@00003174: $31 <= 0000000c
                 100@00003178: $31 <= 0000005c
                 101@00000000: $ 0 <= 00000000
                 102@0000317c: $31 <= 00000034
                 103@00000000: $ 0 <= 00000000
                 104@00003180: $31 <= 0000001c
                 105@00000000: $ 0 <= 00000000
                 106@00003184: $31 <= 00000038
                 107@00003188: $31 <= 00000000
                 108@0000318c: $31 <= 00000000
                 109@00000000: $ 0 <= 00000000
                 110@00003190: $31 <= 00000000
                 111@00000000: $ 0 <= 00000000
                 112@00003194: $31 <= 00000000
                 113@00000000: $ 0 <= 00000000
                 113@00003198: *00001000 <= 00000000
                 115@0000319c: $31 <= 00000004
                 116@000031a0: $31 <= 00000068
                 117@00000000: $ 0 <= 00000000
                 118@000031a4: $31 <= 0000003c
                 119@00000000: $ 0 <= 00000000
                 120@000031a8: $31 <= 0000002c
                 121@00000000: $ 0 <= 00000000
                 122@000031ac: $31 <= 00000034
                 123@000031b0: $31 <= 0000000c
                 124@000031b4: $31 <= 0000005c
                 125@00000000: $ 0 <= 00000000
                 126@000031b8: $31 <= 00000034
                 127@00000000: $ 0 <= 00000000
                 128@000031bc: $31 <= 0000001c
                 129@00000000: $ 0 <= 00000000
                 130@000031c0: $31 <= 00000024
                 131@000031c4: $31 <= 00000000
                 132@000031c8: $31 <= 00000000
                 133@00000000: $ 0 <= 00000000
                 134@000031cc: $31 <= 00000000
                 135@00000000: $ 0 <= 00000000
                 136@000031d0: $31 <= 00000000
                 137@00000000: $ 0 <= 00000000
                 138@00000000: $ 0 <= 00000000
                 140@000031d8: $ 0 <= 00000000
                 141@000031e0: $31 <= 00000018
                 142@000031e4: $31 <= 00000044
                 143@00000000: $ 0 <= 00000000
                 144@000031e8: $31 <= 00000014
                 145@00000000: $ 0 <= 00000000
                 146@000031ec: $31 <= 0000004c
                 147@00000000: $ 0 <= 00000000
                 148@00000000: $ 0 <= 00000000
                 150@000031f4: $ 0 <= 00000058
                 151@000031fc: $31 <= 00000010
                 152@00003200: $31 <= 00000050
                 153@00000000: $ 0 <= 00000000
                 154@00003204: $31 <= 00000048
                 155@00000000: $ 0 <= 00000000
                 156@00003208: $31 <= 00000028
                 157@00000000: $ 0 <= 00000000
                 158@00000000: $ 0 <= 00000000
                 160@00003210: $31 <= 00000030
                 161@00003214: $31 <= 00000074
                 162@00003218: $31 <= 00000004
                 163@0000321c: $31 <= 00000068
                 164@00000000: $ 0 <= 00000000
                 165@00003220: $31 <= 0000003c
                 166@00000000: $ 0 <= 00000000
                 167@00003224: $31 <= 0000002c
                 168@00000000: $ 0 <= 00000000
                 169@00000000: $ 0 <= 00000000
                 171@0000322c: $31 <= 00000034
                 172@00003230: $31 <= 0000001c
                 173@00003234: $31 <= 00000004
                 174@00003238: $31 <= 00000068
                 175@00000000: $ 0 <= 00000000
                 176@0000323c: $31 <= 0000003c
                 177@00000000: $ 0 <= 00000000
                 178@00003240: $31 <= 0000002c
                 179@00000000: $ 0 <= 00000000
                 180@00003244: $ 9 <= 0000002c
                 181@00000000: $ 0 <= 00000000
                 183@0000324c: $31 <= 00000034
                 184@00003254: $31 <= 0000000c
                 185@00003258: $31 <= 0000005c
                 186@00000000: $ 0 <= 00000000
                 187@0000325c: $31 <= 00000034
                 188@00000000: $ 0 <= 00000000
                 189@00003260: $31 <= 0000001c
                 190@00000000: $ 0 <= 00000000
                 191@00003264: $ 9 <= 0000001c
                 192@00000000: $ 0 <= 00000000
                 194@0000326c: $ 0 <= 00000038
                 195@00003274: $31 <= 0000000c
                 196@00003278: $31 <= 0000005c
                 197@00000000: $ 0 <= 00000000
                 198@0000327c: $31 <= 00000034
                 199@00000000: $ 0 <= 00000000
                 200@00003280: $31 <= 0000001c
                 201@00000000: $ 0 <= 00000000
                 202@00003284: $ 9 <= 0000001d
                 203@00000000: $ 0 <= 00000000
                 205@0000328c: $31 <= 00000038
                 206@00000000: $ 0 <= 00000000
                 207@00003290: $31 <= 00000040
                 208@00003294: $31 <= 00000018
                 209@00003298: $31 <= 00000044
                 210@00000000: $ 0 <= 00000000
                 211@0000329c: $31 <= 00000014
                 212@00000000: $ 0 <= 00000000
                 213@000032a0: $31 <= 0000004c
                 214@00000000: $ 0 <= 00000000
                 215@000032a4: $ 9 <= 0000004d
                 216@00000000: $ 0 <= 00000000
                 218@000032ac: $ 0 <= 00000054
                 219@000032b0: $31 <= 00000054
                 220@000032b4: $31 <= 0000001c
                 221@000032b8: $31 <= 00000038
                 222@00000000: $ 0 <= 00000000
                 223@000032bc: $31 <= 00000060
                 224@00000000: $ 0 <= 00000000
                 225@000032c0: $31 <= 00000078
                 226@00000000: $ 0 <= 00000000
                 227@000032c4: $31 <= 0000007c
                 228@000032c8: $31 <= 0000000c
                 229@000032cc: $31 <= 0000005c
                 230@00000000: $ 0 <= 00000000
                 231@000032d0: $31 <= 00000034
                 232@00000000: $ 0 <= 00000000
                 233@000032d4: $31 <= 0000001c
                 234@000032d8: $31 <= 000032e8
                 235@00000000: $ 0 <= 00000000
                 236@000032dc: $ 0 <= 00000000
                 237@000032e0: $ 0 <= 00000000
                 238@000032e8: $31 <= 00000014
                 239@000032ec: $31 <= 0000004c
                 240@00000000: $ 0 <= 00000000
                 241@000032f0: $31 <= 00000058
                 242@00000000: $ 0 <= 00000000
                 243@000032f4: $31 <= 00000064
                 244@000032f8: $31 <= 00003308
                 245@00000000: $ 0 <= 00000000
                 246@000032fc: $ 0 <= 00000000
                 247@00003300: $31 <= 00000000
                 248@00003308: $31 <= 0000001c
                 249@0000330c: $31 <= 00000038
                 250@00000000: $ 0 <= 00000000
                 251@00003310: $31 <= 00000060
                 252@00000000: $ 0 <= 00000000
                 253@00003314: $31 <= 00000078
                 254@00003318: $31 <= 00003328
                 255@00000000: $ 0 <= 00000000
                 256@0000331c: $11 <= 00003324
                 257@00003320: $31 <= 00000000
                 258@00003328: $31 <= 00000008
                 259@0000332c: $31 <= 0000000c
                 260@00000000: $ 0 <= 00000000
                 261@00003330: $31 <= 0000005c
                 262@00000000: $ 0 <= 00000000
                 263@00003334: $31 <= 00000034
                 264@00003338: $31 <= 00003348
                 265@00000000: $ 0 <= 00000000
                 266@0000333c: $11 <= 00003344
                 267@00003340: $ 0 <= 00000000
                 268@00003348: $31 <= 00000014
                 269@0000334c: $31 <= 0000004c
                 270@00000000: $ 0 <= 00000000
                 271@00003350: $31 <= 00000058
                 272@00000000: $ 0 <= 00000000
                 273@00003354: $ 0 <= 00000064
                 274@00003358: $31 <= 00000064
                 275@0000335c: $31 <= 00000014
                 276@00003360: $31 <= 0000004c
                 277@00000000: $ 0 <= 00000000
                 278@00003364: $31 <= 00000058
                 279@00000000: $ 0 <= 00000000
                 280@00003368: $ 0 <= 00000064
                 280@0000336c: *00001058 <= 00000058
                 282@00003370: $31 <= 00000004
                 283@00003374: $31 <= 00000068
                 284@00000000: $ 0 <= 00000000
                 285@00003378: $31 <= 0000003c
                 286@00000000: $ 0 <= 00000000
                 287@0000337c: $ 0 <= 0000002c
                 288@00003380: $31 <= 00000044
                 289@00003384: $31 <= 00000018
                 290@00003388: $31 <= 00000044
                 291@00000000: $ 0 <= 00000000
                 292@0000338c: $31 <= 00000014
                 293@00000000: $ 0 <= 00000000
                 294@00003390: $ 0 <= 0000004c
                 295@00003394: $31 <= 0000001c
                 296@00003398: $31 <= 00000018
                 297@0000339c: $31 <= 00000044
                 298@00000000: $ 0 <= 00000000
                 299@000033a0: $31 <= 00000014
                 300@00000000: $ 0 <= 00000000
                 301@000033a4: $ 0 <= 0000004c
                 303@000033ac: $ 0 <= 0000004c
                 304@000033b4: $31 <= 00000008
                 305@000033b8: $31 <= 0000000c
                 306@00000000: $ 0 <= 00000000
                 307@000033bc: $31 <= 0000005c
                 308@00000000: $ 0 <= 00000000
                 309@000033c0: $ 0 <= 00000034
                 311@000033c8: $ 0 <= 00000064
                 312@000033d0: $31 <= 00000014
                 313@000033d4: $31 <= 0000004c
                 314@00000000: $ 0 <= 00000000
                 315@000033d8: $31 <= 00000058
                 316@00000000: $ 0 <= 00000000
                 317@000033dc: $ 0 <= 00000064
                 319@000033e4: $31 <= 00000060
                 319@000033e8: *00001060 <= 00000060
                 321@000033ec: $31 <= 00000018
                 322@000033f0: $31 <= 00000044
                 323@00000000: $ 0 <= 00000000
                 324@000033f4: $31 <= 00000014
                 325@00000000: $ 0 <= 00000000
                 326@000033f8: $ 0 <= 0000004c
                 328@00003400: $ 0 <= 0000004c
                 329@00003404: $31 <= 0000004c
                 330@00003408: $31 <= 00000018
                 331@0000340c: $31 <= 00000044
                 332@00000000: $ 0 <= 00000000
                 333@00003410: $31 <= 00000014
                 334@00000000: $ 0 <= 00000000
                 335@00003414: $ 0 <= 0000004c
                 336@00003418: $ 9 <= 00000014
                 337@00000000: $ 0 <= 00000000
                 338@00003420: *00001014 <= 00000014
                 340@00003428: $31 <= 00000018
                 341@0000342c: $31 <= 00000044
                 342@00000000: $ 0 <= 00000000
                 343@00003430: $31 <= 00000014
                 344@00000000: $ 0 <= 00000000
                 345@00003434: $ 0 <= 0000004c
                 346@00003438: $ 9 <= 00000014
                 347@00000000: $ 0 <= 00000000
                 349@00003440: $ 0 <= 0000001c
                 350@00003448: $31 <= 0000000c
                 351@0000344c: $31 <= 0000005c
                 352@00000000: $ 0 <= 00000000
                 353@00003450: $31 <= 00000034
                 354@00000000: $ 0 <= 00000000
                 355@00003454: $ 0 <= 0000001c
                 356@00003458: $ 9 <= 00000035
                 357@00000000: $ 0 <= 00000000
                 359@00003460: $ 0 <= 0000001c
                 359@00003464: *00001034 <= 00000034
                 361@00003468: $31 <= 00000008
                 362@0000346c: $31 <= 0000000c
                 363@00000000: $ 0 <= 00000000
                 364@00003470: $31 <= 0000005c
                 365@00000000: $ 0 <= 00000000
                 366@00003474: $ 0 <= 00000034
                 367@00003478: $ 9 <= 0000005d
                 368@00000000: $ 0 <= 00000000
                 369@00003480: *0000105c <= 0000005c
                 371@00003484: $ 0 <= 00000034
                 372@00003488: $31 <= 00000010
                 373@0000348c: $31 <= 00000050
                 374@00000000: $ 0 <= 00000000
                 375@00003490: $31 <= 00000048
                 376@00000000: $ 0 <= 00000000
                 377@00003494: $ 0 <= 00000028
                 378@00003498: $31 <= 0000004c
                 379@0000349c: $31 <= 00000008
                 380@000034a0: $31 <= 0000000c
                 381@00000000: $ 0 <= 00000000
                 382@000034a4: $31 <= 0000005c
                 383@00000000: $ 0 <= 00000000
                 384@000034a8: $ 0 <= 00000034
                 385@000034ac: $31 <= 000034bc
                 386@00000000: $ 0 <= 00000000
                 387@000034b0: $ 0 <= 00000000
                 388@000034b4: $31 <= 00000000
                 389@000034bc: $31 <= 0000001c
                 390@000034c0: $31 <= 00000038
                 391@00000000: $ 0 <= 00000000
                 392@000034c4: $31 <= 00000060
                 393@00000000: $ 0 <= 00000000
                 394@000034c8: $ 0 <= 00000078
                 395@000034cc: $31 <= 000034dc
                 396@00000000: $ 0 <= 00000000
                 397@000034d0: $ 0 <= 00000000
                 398@000034d4: $ 0 <= 000034e4
                 399@000034dc: $31 <= 0000001c
                 400@000034e0: $31 <= 00000038
                 401@00000000: $ 0 <= 00000000
                 402@000034e4: $31 <= 00000060
                 403@00000000: $ 0 <= 00000000
                 404@000034e8: $ 0 <= 00000078
                 405@000034ec: $31 <= 000034fc
                 406@00000000: $ 0 <= 00000000
                 407@000034f0: $11 <= 000034f8
                 408@000034f4: $31 <= 00003504
                 409@000034fc: $31 <= 00000010
                 410@00003500: $31 <= 00000050
                 411@00000000: $ 0 <= 00000000
                 412@00003504: $31 <= 00000048
                 413@00000000: $ 0 <= 00000000
                 414@00003508: $ 0 <= 00000028
                 415@0000350c: $31 <= 0000351c
                 416@00000000: $ 0 <= 00000000
                 417@00003510: $11 <= 00003518
                 418@00003514: $ 0 <= 00000000
                 419@0000351c: $31 <= 00000008
                 420@00003520: $31 <= 0000000c
                 421@00000000: $ 0 <= 00000000
                 422@00003524: $31 <= 0000005c
                 423@00000000: $ 0 <= 00000000
                 424@00003528: $31 <= 00000064
                 425@0000352c: $31 <= 00000018
                 426@00003530: $31 <= 00000000
                 427@00003534: $31 <= 00000000
                 428@00000000: $ 0 <= 00000000
                 429@00003538: $31 <= 00000000
                 430@00000000: $ 0 <= 00000000
                 431@0000353c: $31 <= 00000008
                 431@00003540: *00001008 <= 00000008
                 433@00003544: $31 <= 00000008
                 434@00003548: $31 <= 0000000c
                 435@00000000: $ 0 <= 00000000
                 436@0000354c: $31 <= 0000005c
                 437@00000000: $ 0 <= 00000000
                 438@00003550: $31 <= 00000064
                 439@00003554: $31 <= 0000006c
                 440@00003558: $31 <= 00000018
                 441@0000355c: $31 <= 00000044
                 442@00000000: $ 0 <= 00000000
                 443@00003560: $31 <= 00000014
                 444@00000000: $ 0 <= 00000000
                 445@00003564: $31 <= 0000001c
                 446@00003568: $31 <= 00000024
                 447@0000356c: $31 <= 00000014
                 448@00003570: $31 <= 0000004c
                 449@00000000: $ 0 <= 00000000
                 450@00003574: $31 <= 00000058
                 451@00000000: $ 0 <= 00000000
                 452@00003578: $31 <= 00000060
                 453@00000000: $ 0 <= 00000000
                 455@00003580: $ 0 <= 00000068
                 456@00003588: $31 <= 00000010
                 457@0000358c: $31 <= 00000050
                 458@00000000: $ 0 <= 00000000
                 459@00003590: $31 <= 00000048
                 460@00000000: $ 0 <= 00000000
                 461@00003594: $31 <= 00000050
                 462@00000000: $ 0 <= 00000000
                 464@0000359c: $ 0 <= 00000048
                 465@000035a4: $31 <= 0000000c
                 466@000035a8: $31 <= 0000005c
                 467@00000000: $ 0 <= 00000000
                 468@000035ac: $31 <= 00000034
                 469@00000000: $ 0 <= 00000000
                 470@000035b0: $31 <= 0000003c
                 471@00000000: $ 0 <= 00000000
                 472@000035b8: *0000103c <= 0000003c
                 473@000035bc: *0000103c <= 0000003c
                 475@000035c0: $31 <= 00000010
                 476@000035c4: $31 <= 00000050
                 477@00000000: $ 0 <= 00000000
                 478@000035c8: $31 <= 00000048
                 479@00000000: $ 0 <= 00000000
                 480@000035cc: $31 <= 00000050
                 481@00000000: $ 0 <= 00000000
                 482@000035d4: *00001050 <= 00000050
                 484@000035d8: $ 0 <= 00000048
                 485@000035dc: $31 <= 00000010
                 486@000035e0: $31 <= 00000050
                 487@00000000: $ 0 <= 00000000
                 488@000035e4: $31 <= 00000048
                 489@00000000: $ 0 <= 00000000
                 490@000035e8: $31 <= 00000050
                 491@000035ec: $ 9 <= 00000050
                 492@00000000: $ 0 <= 00000000
                 494@000035f4: $31 <= 00000058
                 495@000035fc: $31 <= 00000004
                 496@00003600: $31 <= 00000068
                 497@00000000: $ 0 <= 00000000
                 498@00003604: $31 <= 0000003c
                 499@00000000: $ 0 <= 00000000
                 500@00003608: $31 <= 00000044
                 501@0000360c: $ 9 <= 00000044
                 502@00000000: $ 0 <= 00000000
                 503@00003614: *00001044 <= 00000044
                 505@0000361c: $31 <= 0000001c
                 506@00003620: $31 <= 00000038
                 507@00000000: $ 0 <= 00000000
                 508@00003624: $31 <= 00000060
                 509@00000000: $ 0 <= 00000000
                 510@00003628: $31 <= 00000068
                 511@0000362c: $ 9 <= 00000069
                 512@00000000: $ 0 <= 00000000
                 514@00003634: $31 <= 00000070
                 515@00003638: $ 0 <= 00000078
                 516@0000363c: $31 <= 0000001c
                 517@00003640: $31 <= 00000038
                 518@00000000: $ 0 <= 00000000
                 519@00003644: $31 <= 00000060
                 520@00000000: $ 0 <= 00000000
                 521@00003648: $31 <= 00000068
                 522@0000364c: $ 9 <= 00000069
                 523@00000000: $ 0 <= 00000000
                 524@00003654: *00001068 <= 00000068
                 526@00003658: $ 0 <= 00000070
                 527@0000365c: $31 <= 00000008
                 528@00003660: $31 <= 0000000c
                 529@00000000: $ 0 <= 00000000
                 530@00003664: $31 <= 0000005c
                 531@00000000: $ 0 <= 00000000
                 532@00003668: $31 <= 00000064
                 533@0000366c: $31 <= 00000068
                 534@00003670: $31 <= 00000000
                 535@00003674: $31 <= 00000000
                 536@00000000: $ 0 <= 00000000
                 537@00003678: $31 <= 00000000
                 538@00000000: $ 0 <= 00000000
                 539@0000367c: $31 <= 00000008
                 540@00003680: $31 <= 00003690
                 541@00000000: $ 0 <= 00000000
                 542@00003684: $ 0 <= 00000000
                 543@00003688: $31 <= 00000000
                 544@00003690: $31 <= 00000008
                 545@00003694: $31 <= 0000000c
                 546@00000000: $ 0 <= 00000000
                 547@00003698: $31 <= 0000005c
                 548@00000000: $ 0 <= 00000000
                 549@0000369c: $31 <= 00000064
                 550@000036a0: $31 <= 000036b0
                 551@00000000: $ 0 <= 00000000
                 552@000036a4: $ 0 <= 00000000
                 553@000036a8: $ 0 <= 000036b8
                 554@000036b0: $31 <= 00000014
                 555@000036b4: $31 <= 0000004c
                 556@00000000: $ 0 <= 00000000
                 557@000036b8: $31 <= 00000058
                 558@00000000: $ 0 <= 00000000
                 559@000036bc: $31 <= 00000060
                 560@000036c0: $31 <= 000036d0
                 561@00000000: $ 0 <= 00000000
                 562@000036c4: $11 <= 000036cc
                 563@000036c8: $31 <= 000036d8
                 564@000036d0: $31 <= 00000018
                 565@000036d4: $31 <= 00000044
                 566@00000000: $ 0 <= 00000000
                 567@000036d8: $31 <= 00000014
                 568@00000000: $ 0 <= 00000000
                 569@000036dc: $31 <= 0000001c
                 570@000036e0: $31 <= 000036f0
                 571@00000000: $ 0 <= 00000000
                 572@000036e4: $11 <= 000036ec
                 573@000036e8: $ 0 <= 00000000
                 574@000036f0: $31 <= 0000001c
                 575@000036f4: $31 <= 00000038
                 576@00000000: $ 0 <= 00000000
                 577@000036f8: $31 <= 00000060
                 578@00000000: $ 0 <= 00000000
                 579@000036fc: $ 0 <= 00000068
                 580@00003700: $31 <= 00000078
                 581@00003704: $31 <= 00000000
                 582@00003708: $31 <= 00000000
                 583@00000000: $ 0 <= 00000000
                 584@0000370c: $31 <= 00000000
                 585@00000000: $ 0 <= 00000000
                 586@00003710: $ 0 <= 00000008
                 586@00003714: *00001000 <= 00000000
                 588@00003718: $31 <= 0000000c
                 589@0000371c: $31 <= 0000005c
                 590@00000000: $ 0 <= 00000000
                 591@00003720: $31 <= 00000034
                 592@00000000: $ 0 <= 00000000
                 593@00003724: $ 0 <= 0000003c
                 594@00003728: $31 <= 0000003c
                 595@0000372c: $31 <= 00000004
                 596@00003730: $31 <= 00000068
                 597@00000000: $ 0 <= 00000000
                 598@00003734: $31 <= 0000003c
                 599@00000000: $ 0 <= 00000000
                 600@00003738: $ 0 <= 00000044
                 601@0000373c: $31 <= 00000044
                 602@00003740: $31 <= 00000010
                 603@00003744: $31 <= 00000050
                 604@00000000: $ 0 <= 00000000
                 605@00003748: $31 <= 00000048
                 606@00000000: $ 0 <= 00000000
                 607@0000374c: $ 0 <= 00000050
                 609@00003754: $ 0 <= 00000050
                 610@0000375c: $31 <= 00000010
                 611@00003760: $31 <= 00000050
                 612@00000000: $ 0 <= 00000000
                 613@00003764: $31 <= 00000048
                 614@00000000: $ 0 <= 00000000
                 615@00003768: $ 0 <= 00000050
                 617@00003770: $31 <= 00000028
                 618@00003778: $31 <= 00000010
                 619@0000377c: $31 <= 00000050
                 620@00000000: $ 0 <= 00000000
                 621@00003780: $31 <= 00000048
                 622@00000000: $ 0 <= 00000000
                 623@00003784: $ 0 <= 00000050
                 624@0000378c: *00001048 <= 00000048
                 625@00003790: *00001048 <= 00000048
                 627@00003794: $31 <= 0000001c
                 628@00003798: $31 <= 00000038
                 629@00000000: $ 0 <= 00000000
                 630@0000379c: $31 <= 00000060
                 631@00000000: $ 0 <= 00000000
                 632@000037a0: $ 0 <= 00000068
                 634@000037a8: $ 0 <= 00000078
                 635@000037ac: $ 0 <= 00000068
                 636@000037b0: $31 <= 00000000
                 637@000037b4: $31 <= 00000000
                 638@00000000: $ 0 <= 00000000
                 639@000037b8: $31 <= 00000000
                 640@00000000: $ 0 <= 00000000
                 641@000037bc: $ 0 <= 00000008
                 642@000037c0: $ 9 <= 00000000
                 643@00000000: $ 0 <= 00000000
                 645@000037c8: $31 <= 00000000
                 646@000037d0: $31 <= 00000010
                 647@000037d4: $31 <= 00000050
                 648@00000000: $ 0 <= 00000000
                 649@000037d8: $31 <= 00000048
                 650@00000000: $ 0 <= 00000000
                 651@000037dc: $ 0 <= 00000050
                 652@000037e0: $ 9 <= 00000048
                 653@00000000: $ 0 <= 00000000
                 654@000037e8: *00001048 <= 00000048
                 656@000037f0: $31 <= 00000004
                 657@000037f4: $31 <= 00000068
                 658@00000000: $ 0 <= 00000000
                 659@000037f8: $31 <= 0000003c
                 660@00000000: $ 0 <= 00000000
                 661@000037fc: $ 0 <= 00000044
                 662@00003800: $ 9 <= 0000003d
                 663@00000000: $ 0 <= 00000000
                 665@00003808: $31 <= 0000002c
                 666@00000000: $ 0 <= 00000000
                 667@0000380c: $ 0 <= 00000034
                 668@00003810: $31 <= 00000008
                 669@00003814: $31 <= 0000000c
                 670@00000000: $ 0 <= 00000000
                 671@00003818: $31 <= 0000005c
                 672@00000000: $ 0 <= 00000000
                 673@0000381c: $ 0 <= 00000064
                 674@00003820: $ 9 <= 0000005d
                 675@00000000: $ 0 <= 00000000
                 677@00003828: $31 <= 00000064
                 677@0000382c: *00001064 <= 00000064
                 679@00003830: $31 <= 00000004
                 680@00003834: $31 <= 00000068
                 681@00000000: $ 0 <= 00000000
                 682@00003838: $31 <= 0000003c
                 683@00000000: $ 0 <= 00000000
                 684@0000383c: $ 0 <= 00000044
                 685@00003840: $31 <= 00000040
                 686@00003844: $31 <= 0000000c
                 687@00003848: $31 <= 0000005c
                 688@00000000: $ 0 <= 00000000
                 689@0000384c: $31 <= 00000034
                 690@00000000: $ 0 <= 00000000
                 691@00003850: $ 0 <= 0000003c
                 692@00003854: $31 <= 00003864
                 693@00000000: $ 0 <= 00000000
                 694@00003858: $ 0 <= 00000000
                 695@0000385c: $ 0 <= 0000386c
                 696@00003864: $31 <= 0000001c
                 697@00003868: $31 <= 00000038
                 698@00000000: $ 0 <= 00000000
                 699@0000386c: $31 <= 00000060
                 700@00000000: $ 0 <= 00000000
                 701@00003870: $ 0 <= 00000068
                 702@00003874: $31 <= 00003884
                 703@00000000: $ 0 <= 00000000
                 704@00003878: $ 0 <= 00000000
                 705@0000387c: $31 <= 00000000
                 706@00003884: $31 <= 0000000c
                 707@00003888: $31 <= 0000005c
                 708@00000000: $ 0 <= 00000000
                 709@0000388c: $31 <= 00000034
                 710@00000000: $ 0 <= 00000000
                 711@00003890: $ 0 <= 0000003c
                 712@00003894: $31 <= 000038a4
                 713@00000000: $ 0 <= 00000000
                 714@00003898: $11 <= 000038a0
                 714@0000389c: *000018a4 <= 000038a4
                 716@000038a4: $31 <= 00000014
                 717@000038a8: $31 <= 0000004c
                 718@00000000: $ 0 <= 00000000
                 719@000038ac: $31 <= 00000058
                 720@00000000: $ 0 <= 00000000
                 721@000038b0: $ 0 <= 00000060
                 722@000038b4: $31 <= 000038c4
                 723@00000000: $ 0 <= 00000000
                 724@000038b8: $11 <= 000038c0
                 725@000038bc: $ 0 <= 000038cc
                 726@000038c4: $31 <= 00000000
                 727@000038c8: $31 <= 00000000
                 728@00000000: $ 0 <= 00000000
                 729@000038cc: $31 <= 00000000
                 730@00000000: $ 0 <= 00000000
                 731@000038d0: $31 <= 00000004
                 732@000038d4: $31 <= 00000068
                 733@000038d8: $31 <= 00000010
                 734@000038dc: $31 <= 00000050
                 735@00000000: $ 0 <= 00000000
                 736@000038e0: $31 <= 00000048
                 737@00000000: $ 0 <= 00000000
                 738@000038e4: $31 <= 0000004c
                 738@000038e8: *0000104c <= 0000004c
                 740@000038ec: $31 <= 00000018
                 741@000038f0: $31 <= 00000044
                 742@00000000: $ 0 <= 00000000
                 743@000038f4: $31 <= 00000014
                 744@00000000: $ 0 <= 00000000
                 745@000038f8: $31 <= 00000018
                 746@000038fc: $31 <= 00000020
                 747@00003900: $31 <= 0000001c
                 748@00003904: $31 <= 00000038
                 749@00000000: $ 0 <= 00000000
                 750@00003908: $31 <= 00000060
                 751@00000000: $ 0 <= 00000000
                 752@0000390c: $31 <= 00000064
                 753@00003910: $31 <= 0000006c
                 754@00003914: $31 <= 00000008
                 755@00003918: $31 <= 0000000c
                 756@00000000: $ 0 <= 00000000
                 757@0000391c: $31 <= 0000005c
                 758@00000000: $ 0 <= 00000000
                 759@00003920: $31 <= 00000060
                 760@00000000: $ 0 <= 00000000
                 762@00003928: $ 0 <= 00000078
                 763@00003930: $31 <= 00000000
                 764@00003934: $31 <= 00000000
                 765@00000000: $ 0 <= 00000000
                 766@00003938: $31 <= 00000000
                 767@00000000: $ 0 <= 00000000
                 768@0000393c: $31 <= 00000004
                 769@00000000: $ 0 <= 00000000
                 771@00003944: $ 0 <= 00000068
                 772@0000394c: $31 <= 0000001c
                 773@00003950: $31 <= 00000038
                 774@00000000: $ 0 <= 00000000
                 775@00003954: $31 <= 00000060
                 776@00000000: $ 0 <= 00000000
                 777@00003958: $31 <= 00000064
                 778@00000000: $ 0 <= 00000000
                 780@00003960: $31 <= 00000018
                 781@00000000: $ 0 <= 00000000
                 782@00003964: $31 <= 00000044
                 783@00003968: $31 <= 00000004
                 784@0000396c: $31 <= 00000068
                 785@00000000: $ 0 <= 00000000
                 786@00003970: $31 <= 0000003c
                 787@00000000: $ 0 <= 00000000
                 788@00003974: $31 <= 00000040
                 789@00000000: $ 0 <= 00000000
                 790@0000397c: *00001040 <= 00000040
                 792@00003980: $31 <= 00000008
                 793@00003984: $31 <= 00000008
                 794@00003988: $31 <= 0000000c
                 795@00000000: $ 0 <= 00000000
                 796@0000398c: $31 <= 0000005c
                 797@00000000: $ 0 <= 00000000
                 798@00003990: $31 <= 00000060
                 799@00003994: $ 9 <= 00000060
                 800@00000000: $ 0 <= 00000000
                 802@0000399c: $ 0 <= 00000068
                 803@000039a4: $31 <= 00000010
                 804@000039a8: $31 <= 00000050
                 805@00000000: $ 0 <= 00000000
                 806@000039ac: $31 <= 00000048
                 807@00000000: $ 0 <= 00000000
                 808@000039b0: $31 <= 0000004c
                 809@000039b4: $ 9 <= 0000004c
                 810@00000000: $ 0 <= 00000000
                 811@000039bc: *0000104c <= 0000004c
                 813@000039c4: $31 <= 00000014
                 814@000039c8: $31 <= 0000004c
                 815@00000000: $ 0 <= 00000000
                 816@000039cc: $31 <= 00000058
                 817@00000000: $ 0 <= 00000000
                 818@000039d0: $31 <= 0000005c
                 819@000039d4: $ 9 <= 0000005d
                 820@00000000: $ 0 <= 00000000
                 822@000039dc: $31 <= 00000034
                 823@00000000: $ 0 <= 00000000
                 823@000039e0: *00001034 <= 00000034
                 825@000039e4: $31 <= 00000014
                 826@000039e8: $31 <= 0000004c
                 827@00000000: $ 0 <= 00000000
                 828@000039ec: $31 <= 00000058
                 829@00000000: $ 0 <= 00000000
                 830@000039f0: $31 <= 0000005c
                 831@000039f4: $ 9 <= 0000005d
                 832@00000000: $ 0 <= 00000000
                 834@000039fc: $ 0 <= 00000034
                 835@00003a00: $ 0 <= 00000034
                 836@00003a04: $31 <= 00000010
                 837@00003a08: $31 <= 00000050
                 838@00000000: $ 0 <= 00000000
                 839@00003a0c: $31 <= 00000048
                 840@00000000: $ 0 <= 00000000
                 841@00003a10: $31 <= 0000004c
                 842@00003a14: $31 <= 00000050
                 843@00003a18: $31 <= 0000000c
                 844@00003a1c: $31 <= 0000005c
                 845@00000000: $ 0 <= 00000000
                 846@00003a20: $31 <= 00000034
                 847@00000000: $ 0 <= 00000000
                 848@00003a24: $31 <= 00000038
                 849@00003a28: $31 <= 00003a38
                 850@00000000: $ 0 <= 00000000
                 851@00003a2c: $ 0 <= 00000000
                 851@00003a30: *00001a38 <= 00003a38
                 853@00003a38: $31 <= 00000004
                 854@00003a3c: $31 <= 00000068
                 855@00000000: $ 0 <= 00000000
                 856@00003a40: $31 <= 0000003c
                 857@00000000: $ 0 <= 00000000
                 858@00003a44: $31 <= 00000040
                 859@00003a48: $31 <= 00003a58
                 860@00000000: $ 0 <= 00000000
                 861@00003a4c: $ 0 <= 00000000
                 861@00003a50: *00001a58 <= 00003a58
                 863@00003a58: $31 <= 00000010
                 864@00003a5c: $31 <= 00000050
                 865@00000000: $ 0 <= 00000000
                 866@00003a60: $31 <= 00000048
                 867@00000000: $ 0 <= 00000000
                 868@00003a64: $31 <= 0000004c
                 869@00003a68: $31 <= 00003a78
                 870@00000000: $ 0 <= 00000000
                 871@00003a6c: $11 <= 00003a74
                 872@00003a70: $31 <= 00003a80
                 873@00003a78: $31 <= 00000008
                 874@00003a7c: $31 <= 0000000c
                 875@00000000: $ 0 <= 00000000
                 876@00003a80: $31 <= 0000005c
                 877@00000000: $ 0 <= 00000000
                 878@00003a84: $31 <= 00000060
                 879@00003a88: $31 <= 00003a98
                 880@00000000: $ 0 <= 00000000
                 881@00003a8c: $11 <= 00003a94
                 882@00003a90: $ 0 <= 00000000
                 883@00003a98: $31 <= 00000010
                 884@00003a9c: $31 <= 00000050
                 885@00000000: $ 0 <= 00000000
                 886@00003aa0: $31 <= 00000048
                 887@00000000: $ 0 <= 00000000
                 888@00003aa4: $ 0 <= 0000004c
                 889@00003aa8: $31 <= 00000028
                 890@00003aac: $31 <= 0000000c
                 891@00003ab0: $31 <= 0000005c
                 892@00000000: $ 0 <= 00000000
                 893@00003ab4: $31 <= 00000034
                 894@00000000: $ 0 <= 00000000
                 895@00003ab8: $ 0 <= 00000038
                 895@00003abc: *00001034 <= 00000034
                 897@00003ac0: $31 <= 00000008
                 898@00003ac4: $31 <= 0000000c
                 899@00000000: $ 0 <= 00000000
                 900@00003ac8: $31 <= 0000005c
                 901@00000000: $ 0 <= 00000000
                 902@00003acc: $ 0 <= 00000060
                 903@00003ad0: $31 <= 00000064
                 904@00003ad4: $31 <= 00000018
                 905@00003ad8: $31 <= 00000044
                 906@00000000: $ 0 <= 00000000
                 907@00003adc: $31 <= 00000014
                 908@00000000: $ 0 <= 00000000
                 909@00003ae0: $ 0 <= 00000018
                 910@00003ae4: $31 <= 0000001c
                 911@00003ae8: $31 <= 00000018
                 912@00003aec: $31 <= 00000044
                 913@00000000: $ 0 <= 00000000
                 914@00003af0: $31 <= 00000014
                 915@00000000: $ 0 <= 00000000
                 916@00003af4: $ 0 <= 00000018
                 918@00003afc: $31 <= 0000001c
                 919@00003b04: $31 <= 00000018
                 920@00003b08: $31 <= 00000044
                 921@00000000: $ 0 <= 00000000
                 922@00003b0c: $31 <= 00000014
                 923@00000000: $ 0 <= 00000000
                 924@00003b10: $ 0 <= 00000018
                 926@00003b18: $31 <= 0000001c
                 927@00003b20: $31 <= 00000014
                 928@00003b24: $31 <= 0000004c
                 929@00000000: $ 0 <= 00000000
                 930@00003b28: $31 <= 00000058
                 931@00000000: $ 0 <= 00000000
                 932@00003b2c: $ 0 <= 0000005c
                 934@00003b34: $ 0 <= 00000064
                 934@00003b38: *00001058 <= 00000058
                 936@00003b3c: $31 <= 00000004
                 937@00003b40: $31 <= 00000068
                 938@00000000: $ 0 <= 00000000
                 939@00003b44: $31 <= 0000003c
                 940@00000000: $ 0 <= 00000000
                 941@00003b48: $ 0 <= 00000040
                 943@00003b50: $31 <= 0000002c
                 944@00000000: $ 0 <= 00000000
                 945@00003b54: $ 0 <= 00000034
                 946@00003b58: $31 <= 0000000c
                 947@00003b5c: $31 <= 0000005c
                 948@00000000: $ 0 <= 00000000
                 949@00003b60: $31 <= 00000034
                 950@00000000: $ 0 <= 00000000
                 951@00003b64: $ 0 <= 00000038
                 952@00003b68: $ 9 <= 00000034
                 953@00000000: $ 0 <= 00000000
                 955@00003b70: $31 <= 0000003c
                 956@00003b78: $31 <= 00000010
                 957@00003b7c: $31 <= 00000050
                 958@00000000: $ 0 <= 00000000
                 959@00003b80: $31 <= 00000048
                 960@00000000: $ 0 <= 00000000
                 961@00003b84: $ 0 <= 0000004c
                 962@00003b88: $ 9 <= 00000048
                 963@00000000: $ 0 <= 00000000
                 964@00003b90: *00001048 <= 00000048
                 966@00003b98: $31 <= 00000014
                 967@00003b9c: $31 <= 0000004c
                 968@00000000: $ 0 <= 00000000
                 969@00003ba0: $31 <= 00000058
                 970@00000000: $ 0 <= 00000000
                 971@00003ba4: $ 0 <= 0000005c
                 972@00003ba8: $ 9 <= 00000059
                 973@00000000: $ 0 <= 00000000
                 974@00003bb0: *00001058 <= 00000058
                 976@00003bb4: $ 0 <= 00000060
                 977@00003bb8: $31 <= 0000001c
                 978@00003bbc: $31 <= 00000038
                 979@00000000: $ 0 <= 00000000
                 980@00003bc0: $31 <= 00000060
                 981@00000000: $ 0 <= 00000000
                 982@00003bc4: $ 0 <= 00000064
                 983@00003bc8: $ 9 <= 00000061
                 984@00000000: $ 0 <= 00000000
                 986@00003bd0: $ 0 <= 00000078
                 987@00003bd4: $ 0 <= 00000068
                 988@00003bd8: $31 <= 0000001c
                 989@00003bdc: $31 <= 00000038
                 990@00000000: $ 0 <= 00000000
                 991@00003be0: $31 <= 00000060
                 992@00000000: $ 0 <= 00000000
                 993@00003be4: $ 0 <= 00000064
                 994@00003be8: $31 <= 00000064
                 995@00003bec: $31 <= 00000010
                 996@00003bf0: $31 <= 00000050
                 997@00000000: $ 0 <= 00000000
                 998@00003bf4: $31 <= 00000048
                 999@00000000: $ 0 <= 00000000
                1000@00003bf8: $ 0 <= 0000004c
