ISim log file
Running: C:\Users\86178\Desktop\Study\CO\p4\mips_tb_isim_beh.exe -intstyle ise -gui -tclbatch isim.cmd -wdb C:/Users/86178/Desktop/Study/CO/p4/mips_tb_isim_beh.wdb 
ISim P.20131013 (signature 0x7708f090)
----------------------------------------------------------------------
WARNING:Security:42 - Your software subscription period has lapsed. Your current version of Xilinx tools will continue to function, but you no longer qualify for Xilinx software updates or new releases.


----------------------------------------------------------------------
This is a Full version of ISim.
Time resolution is 1 ps
# onerror resume
# wave add /
# run 1000 ns
Simulator is doing circuit initialization process.
Finished circuit initialization process.
@00003000: $16 <= 00000004
@00003004: $17 <= 0000000a
@00003008: $18 <= 00000001
@0000300c: $ 4 <= 0000000a
@00003010: $31 <= 00003014
@00003018: *00000000 <= 00003014
@0000301c: $ 9 <= 00000004
@00003024: *00000004 <= 0000000a
@00003028: $ 9 <= 00000008
@0000302c: $ 4 <= 00000009
@00003030: $31 <= 00003034
@00003018: *00000008 <= 00003034
@0000301c: $ 9 <= 0000000c
@00003024: *0000000c <= 00000009
@00003028: $ 9 <= 00000010
@0000302c: $ 4 <= 00000008
@00003030: $31 <= 00003034
@00003018: *00000010 <= 00003034
@0000301c: $ 9 <= 00000014
@00003024: *00000014 <= 00000008
@00003028: $ 9 <= 00000018
@0000302c: $ 4 <= 00000007
@00003030: $31 <= 00003034
@00003018: *00000018 <= 00003034
@0000301c: $ 9 <= 0000001c
@00003024: *0000001c <= 00000007
@00003028: $ 9 <= 00000020
@0000302c: $ 4 <= 00000006
@00003030: $31 <= 00003034
@00003018: *00000020 <= 00003034
@0000301c: $ 9 <= 00000024
@00003024: *00000024 <= 00000006
@00003028: $ 9 <= 00000028
@0000302c: $ 4 <= 00000005
@00003030: $31 <= 00003034
@00003018: *00000028 <= 00003034
@0000301c: $ 9 <= 0000002c
@00003024: *0000002c <= 00000005
@00003028: $ 9 <= 00000030
@0000302c: $ 4 <= 00000004
@00003030: $31 <= 00003034
@00003018: *00000030 <= 00003034
@0000301c: $ 9 <= 00000034
@00003024: *00000034 <= 00000004
@00003028: $ 9 <= 00000038
@0000302c: $ 4 <= 00000003
@00003030: $31 <= 00003034
@00003018: *00000038 <= 00003034
@0000301c: $ 9 <= 0000003c
@00003024: *0000003c <= 00000003
@00003028: $ 9 <= 00000040
@0000302c: $ 4 <= 00000002
@00003030: $31 <= 00003034
@00003018: *00000040 <= 00003034
@0000301c: $ 9 <= 00000044
@00003024: *00000044 <= 00000002
@00003028: $ 9 <= 00000048
@0000302c: $ 4 <= 00000001
@00003030: $31 <= 00003034
@00003018: *00000048 <= 00003034
@0000301c: $ 9 <= 0000004c
@00003044: $ 2 <= 00000001
@0000304c: $ 9 <= 00000048
@00003050: $31 <= 00003034
@00003054: $ 0 <= 00000000
@00003034: $ 9 <= 00000044
@00003038: $ 4 <= 00000002
@0000303c: $ 2 <= 00000003
@00003040: $31 <= 00003044
@0000304c: $ 9 <= 00000040
@00003050: $31 <= 00003034
@00003054: $ 0 <= 00000000
@00003034: $ 9 <= 0000003c
@00003038: $ 4 <= 00000003
@0000303c: $ 2 <= 00000006
@00003040: $31 <= 00003044
@0000304c: $ 9 <= 00000038
@00003050: $31 <= 00003034
@00003054: $ 0 <= 00000000
@00003034: $ 9 <= 00000034
@00003038: $ 4 <= 00000004
@0000303c: $ 2 <= 0000000a
@00003040: $31 <= 00003044
@0000304c: $ 9 <= 00000030
@00003050: $31 <= 00003034
@00003054: $ 0 <= 00000000
@00003034: $ 9 <= 0000002c
@00003038: $ 4 <= 00000005
@0000303c: $ 2 <= 0000000f
# run 10.00us
@00003040: $31 <= 00003044
@0000304c: $ 9 <= 00000028
@00003050: $31 <= 00003034
@00003054: $ 0 <= 00000000
@00003034: $ 9 <= 00000024
@00003038: $ 4 <= 00000006
@0000303c: $ 2 <= 00000015
@00003040: $31 <= 00003044
@0000304c: $ 9 <= 00000020
@00003050: $31 <= 00003034
@00003054: $ 0 <= 00000000
@00003034: $ 9 <= 0000001c
@00003038: $ 4 <= 00000007
@0000303c: $ 2 <= 0000001c
@00003040: $31 <= 00003044
@0000304c: $ 9 <= 00000018
@00003050: $31 <= 00003034
@00003054: $ 0 <= 00000000
@00003034: $ 9 <= 00000014
@00003038: $ 4 <= 00000008
@0000303c: $ 2 <= 00000024
@00003040: $31 <= 00003044
@0000304c: $ 9 <= 00000010
@00003050: $31 <= 00003034
@00003054: $ 0 <= 00000000
@00003034: $ 9 <= 0000000c
@00003038: $ 4 <= 00000009
@0000303c: $ 2 <= 0000002d
@00003040: $31 <= 00003044
@0000304c: $ 9 <= 00000008
@00003050: $31 <= 00003034
@00003054: $ 0 <= 00000000
@00003034: $ 9 <= 00000004
@00003038: $ 4 <= 0000000a
@0000303c: $ 2 <= 00000037
@00003040: $31 <= 00003044
@0000304c: $ 9 <= 00000000
@00003050: $31 <= 00003014
@00003054: $ 0 <= 00000000
@00003014: $31 <= 00003018
@00003058: $15 <= 00100000
@0000305c: $ 0 <= 00000000
@00003060: $ 0 <= 00000000
@00003064: $ 0 <= 00000000
@00003068: $ 0 <= 00000000
@0000306c: $ 0 <= 00000000
@00003070: $ 0 <= 00000000
@00003074: $ 0 <= 00000000
@00003078: $ 0 <= 00000000
@0000307c: $ 0 <= 00000000
@00003080: $ 0 <= 00000000
@00003084: $ 0 <= 00000000
@00003088: $ 0 <= 00000000
@0000308c: $ 0 <= 00000000
@00003090: $ 0 <= 00000000
@00003094: $ 0 <= 00000000
@00003098: $ 0 <= 00000000
@0000309c: $ 0 <= 00000000
@000030a0: $ 0 <= 00000000
@000030a4: $ 0 <= 00000000
@000030a8: $ 0 <= 00000000
@000030ac: $ 0 <= 00000000
@000030b0: $ 0 <= 00000000
@000030b4: $ 0 <= 00000000
@000030b8: $ 0 <= 00000000
@000030bc: $ 0 <= 00000000
@000030c0: $ 0 <= 00000000
@000030c4: $ 0 <= 00000000
@000030c8: $ 0 <= 00000000
@000030cc: $ 0 <= 00000000
@000030d0: $ 0 <= 00000000
@000030d4: $ 0 <= 00000000
@000030d8: $ 0 <= 00000000
@000030dc: $ 0 <= 00000000
@000030e0: $ 0 <= 00000000
@000030e4: $ 0 <= 00000000
@000030e8: $ 0 <= 00000000
@000030ec: $ 0 <= 00000000
@000030f0: $ 0 <= 00000000
@000030f4: $ 0 <= 00000000
@000030f8: $ 0 <= 00000000
@000030fc: $ 0 <= 00000000
@00003100: $ 0 <= 00000000
@00003104: $ 0 <= 00000000
@00003108: $ 0 <= 00000000
@0000310c: $ 0 <= 00000000
@00003110: $ 0 <= 00000000
@00003114: $ 0 <= 00000000
@00003118: $ 0 <= 00000000
@0000311c: $ 0 <= 00000000
@00003120: $ 0 <= 00000000
@00003124: $ 0 <= 00000000
@00003128: $ 0 <= 00000000
@0000312c: $ 0 <= 00000000
@00003130: $ 0 <= 00000000
@00003134: $ 0 <= 00000000
@00003138: $ 0 <= 00000000
@0000313c: $ 0 <= 00000000
@00003140: $ 0 <= 00000000
@00003144: $ 0 <= 00000000
@00003148: $ 0 <= 00000000
@0000314c: $ 0 <= 00000000
@00003150: $ 0 <= 00000000
@00003154: $ 0 <= 00000000
@00003158: $ 0 <= 00000000
@0000315c: $ 0 <= 00000000
@00003160: $ 0 <= 00000000
@00003164: $ 0 <= 00000000
@00003168: $ 0 <= 00000000
@0000316c: $ 0 <= 00000000
@00003170: $ 0 <= 00000000
@00003174: $ 0 <= 00000000
@00003178: $ 0 <= 00000000
@0000317c: $ 0 <= 00000000
@00003180: $ 0 <= 00000000
@00003184: $ 0 <= 00000000
@00003188: $ 0 <= 00000000
@0000318c: $ 0 <= 00000000
@00003190: $ 0 <= 00000000
@00003194: $ 0 <= 00000000
@00003198: $ 0 <= 00000000
@0000319c: $ 0 <= 00000000
@000031a0: $ 0 <= 00000000
@000031a4: $ 0 <= 00000000
@000031a8: $ 0 <= 00000000
@000031ac: $ 0 <= 00000000
@000031b0: $ 0 <= 00000000
@000031b4: $ 0 <= 00000000
@000031b8: $ 0 <= 00000000
@000031bc: $ 0 <= 00000000
@000031c0: $ 0 <= 00000000
@000031c4: $ 0 <= 00000000
@000031c8: $ 0 <= 00000000
@000031cc: $ 0 <= 00000000
@000031d0: $ 0 <= 00000000
@000031d4: $ 0 <= 00000000
@000031d8: $ 0 <= 00000000
@000031dc: $ 0 <= 00000000
@000031e0: $ 0 <= 00000000
@000031e4: $ 0 <= 00000000
@000031e8: $ 0 <= 00000000
@000031ec: $ 0 <= 00000000
@000031f0: $ 0 <= 00000000
@000031f4: $ 0 <= 00000000
@000031f8: $ 0 <= 00000000
@000031fc: $ 0 <= 00000000
@00003200: $ 0 <= 00000000
@00003204: $ 0 <= 00000000
@00003208: $ 0 <= 00000000
@0000320c: $ 0 <= 00000000
@00003210: $ 0 <= 00000000
@00003214: $ 0 <= 00000000
@00003218: $ 0 <= 00000000
@0000321c: $ 0 <= 00000000
@00003220: $ 0 <= 00000000
@00003224: $ 0 <= 00000000
@00003228: $ 0 <= 00000000
@0000322c: $ 0 <= 00000000
@00003230: $ 0 <= 00000000
@00003234: $ 0 <= 00000000
@00003238: $ 0 <= 00000000
@0000323c: $ 0 <= 00000000
@00003240: $ 0 <= 00000000
@00003244: $ 0 <= 00000000
@00003248: $ 0 <= 00000000
@0000324c: $ 0 <= 00000000
@00003250: $ 0 <= 00000000
@00003254: $ 0 <= 00000000
@00003258: $ 0 <= 00000000
@0000325c: $ 0 <= 00000000
@00003260: $ 0 <= 00000000
@00003264: $ 0 <= 00000000
@00003268: $ 0 <= 00000000
@0000326c: $ 0 <= 00000000
@00003270: $ 0 <= 00000000
@00003274: $ 0 <= 00000000
@00003278: $ 0 <= 00000000
@0000327c: $ 0 <= 00000000
@00003280: $ 0 <= 00000000
@00003284: $ 0 <= 00000000
@00003288: $ 0 <= 00000000
@0000328c: $ 0 <= 00000000
@00003290: $ 0 <= 00000000
@00003294: $ 0 <= 00000000
@00003298: $ 0 <= 00000000
@0000329c: $ 0 <= 00000000
@000032a0: $ 0 <= 00000000
@000032a4: $ 0 <= 00000000
@000032a8: $ 0 <= 00000000
@000032ac: $ 0 <= 00000000
@000032b0: $ 0 <= 00000000
@000032b4: $ 0 <= 00000000
@000032b8: $ 0 <= 00000000
@000032bc: $ 0 <= 00000000
@000032c0: $ 0 <= 00000000
@000032c4: $ 0 <= 00000000
@000032c8: $ 0 <= 00000000
@000032cc: $ 0 <= 00000000
@000032d0: $ 0 <= 00000000
@000032d4: $ 0 <= 00000000
@000032d8: $ 0 <= 00000000
@000032dc: $ 0 <= 00000000
@000032e0: $ 0 <= 00000000
@000032e4: $ 0 <= 00000000
@000032e8: $ 0 <= 00000000
@000032ec: $ 0 <= 00000000
@000032f0: $ 0 <= 00000000
@000032f4: $ 0 <= 00000000
@000032f8: $ 0 <= 00000000
@000032fc: $ 0 <= 00000000
@00003300: $ 0 <= 00000000
@00003304: $ 0 <= 00000000
@00003308: $ 0 <= 00000000
@0000330c: $ 0 <= 00000000
@00003310: $ 0 <= 00000000
@00003314: $ 0 <= 00000000
@00003318: $ 0 <= 00000000
@0000331c: $ 0 <= 00000000
@00003320: $ 0 <= 00000000
@00003324: $ 0 <= 00000000
@00003328: $ 0 <= 00000000
@0000332c: $ 0 <= 00000000
@00003330: $ 0 <= 00000000
@00003334: $ 0 <= 00000000
@00003338: $ 0 <= 00000000
@0000333c: $ 0 <= 00000000
@00003340: $ 0 <= 00000000
@00003344: $ 0 <= 00000000
@00003348: $ 0 <= 00000000
@0000334c: $ 0 <= 00000000
@00003350: $ 0 <= 00000000
@00003354: $ 0 <= 00000000
@00003358: $ 0 <= 00000000
@0000335c: $ 0 <= 00000000
@00003360: $ 0 <= 00000000
@00003364: $ 0 <= 00000000
@00003368: $ 0 <= 00000000
@0000336c: $ 0 <= 00000000
@00003370: $ 0 <= 00000000
@00003374: $ 0 <= 00000000
@00003378: $ 0 <= 00000000
@0000337c: $ 0 <= 00000000
@00003380: $ 0 <= 00000000
@00003384: $ 0 <= 00000000
@00003388: $ 0 <= 00000000
@0000338c: $ 0 <= 00000000
@00003390: $ 0 <= 00000000
@00003394: $ 0 <= 00000000
@00003398: $ 0 <= 00000000
@0000339c: $ 0 <= 00000000
@000033a0: $ 0 <= 00000000
@000033a4: $ 0 <= 00000000
@000033a8: $ 0 <= 00000000
@000033ac: $ 0 <= 00000000
@000033b0: $ 0 <= 00000000
@000033b4: $ 0 <= 00000000
@000033b8: $ 0 <= 00000000
@000033bc: $ 0 <= 00000000
@000033c0: $ 0 <= 00000000
@000033c4: $ 0 <= 00000000
@000033c8: $ 0 <= 00000000
@000033cc: $ 0 <= 00000000
@000033d0: $ 0 <= 00000000
@000033d4: $ 0 <= 00000000
@000033d8: $ 0 <= 00000000
@000033dc: $ 0 <= 00000000
@000033e0: $ 0 <= 00000000
@000033e4: $ 0 <= 00000000
@000033e8: $ 0 <= 00000000
@000033ec: $ 0 <= 00000000
@000033f0: $ 0 <= 00000000
@000033f4: $ 0 <= 00000000
@000033f8: $ 0 <= 00000000
@000033fc: $ 0 <= 00000000
@00003400: $ 0 <= 00000000
@00003404: $ 0 <= 00000000
@00003408: $ 0 <= 00000000
@0000340c: $ 0 <= 00000000
@00003410: $ 0 <= 00000000
@00003414: $ 0 <= 00000000
@00003418: $ 0 <= 00000000
@0000341c: $ 0 <= 00000000
@00003420: $ 0 <= 00000000
@00003424: $ 0 <= 00000000
@00003428: $ 0 <= 00000000
@0000342c: $ 0 <= 00000000
@00003430: $ 0 <= 00000000
@00003434: $ 0 <= 00000000
@00003438: $ 0 <= 00000000
@0000343c: $ 0 <= 00000000
@00003440: $ 0 <= 00000000
@00003444: $ 0 <= 00000000
@00003448: $ 0 <= 00000000
@0000344c: $ 0 <= 00000000
@00003450: $ 0 <= 00000000
@00003454: $ 0 <= 00000000
@00003458: $ 0 <= 00000000
@0000345c: $ 0 <= 00000000
@00003460: $ 0 <= 00000000
@00003464: $ 0 <= 00000000
@00003468: $ 0 <= 00000000
@0000346c: $ 0 <= 00000000
@00003470: $ 0 <= 00000000
@00003474: $ 0 <= 00000000
@00003478: $ 0 <= 00000000
@0000347c: $ 0 <= 00000000
@00003480: $ 0 <= 00000000
@00003484: $ 0 <= 00000000
@00003488: $ 0 <= 00000000
@0000348c: $ 0 <= 00000000
@00003490: $ 0 <= 00000000
@00003494: $ 0 <= 00000000
@00003498: $ 0 <= 00000000
@0000349c: $ 0 <= 00000000
@000034a0: $ 0 <= 00000000
@000034a4: $ 0 <= 00000000
@000034a8: $ 0 <= 00000000
@000034ac: $ 0 <= 00000000
@000034b0: $ 0 <= 00000000
@000034b4: $ 0 <= 00000000
@000034b8: $ 0 <= 00000000
@000034bc: $ 0 <= 00000000
@000034c0: $ 0 <= 00000000
@000034c4: $ 0 <= 00000000
@000034c8: $ 0 <= 00000000
@000034cc: $ 0 <= 00000000
@000034d0: $ 0 <= 00000000
@000034d4: $ 0 <= 00000000
@000034d8: $ 0 <= 00000000
@000034dc: $ 0 <= 00000000
@000034e0: $ 0 <= 00000000
@000034e4: $ 0 <= 00000000
@000034e8: $ 0 <= 00000000
@000034ec: $ 0 <= 00000000
@000034f0: $ 0 <= 00000000
@000034f4: $ 0 <= 00000000
@000034f8: $ 0 <= 00000000
@000034fc: $ 0 <= 00000000
@00003500: $ 0 <= 00000000
@00003504: $ 0 <= 00000000
@00003508: $ 0 <= 00000000
@0000350c: $ 0 <= 00000000
@00003510: $ 0 <= 00000000
@00003514: $ 0 <= 00000000
@00003518: $ 0 <= 00000000
@0000351c: $ 0 <= 00000000
@00003520: $ 0 <= 00000000
@00003524: $ 0 <= 00000000
@00003528: $ 0 <= 00000000
@0000352c: $ 0 <= 00000000
@00003530: $ 0 <= 00000000
@00003534: $ 0 <= 00000000
@00003538: $ 0 <= 00000000
@0000353c: $ 0 <= 00000000
@00003540: $ 0 <= 00000000
@00003544: $ 0 <= 00000000
@00003548: $ 0 <= 00000000
@0000354c: $ 0 <= 00000000
@00003550: $ 0 <= 00000000
@00003554: $ 0 <= 00000000
@00003558: $ 0 <= 00000000
@0000355c: $ 0 <= 00000000
@00003560: $ 0 <= 00000000
@00003564: $ 0 <= 00000000
@00003568: $ 0 <= 00000000
@0000356c: $ 0 <= 00000000
@00003570: $ 0 <= 00000000
@00003574: $ 0 <= 00000000
@00003578: $ 0 <= 00000000
@0000357c: $ 0 <= 00000000
@00003580: $ 0 <= 00000000
@00003584: $ 0 <= 00000000
@00003588: $ 0 <= 00000000
@0000358c: $ 0 <= 00000000
@00003590: $ 0 <= 00000000
@00003594: $ 0 <= 00000000
@00003598: $ 0 <= 00000000
@0000359c: $ 0 <= 00000000
@000035a0: $ 0 <= 00000000
@000035a4: $ 0 <= 00000000
@000035a8: $ 0 <= 00000000
@000035ac: $ 0 <= 00000000
@000035b0: $ 0 <= 00000000
@000035b4: $ 0 <= 00000000
@000035b8: $ 0 <= 00000000
@000035bc: $ 0 <= 00000000
@000035c0: $ 0 <= 00000000
@000035c4: $ 0 <= 00000000
@000035c8: $ 0 <= 00000000
@000035cc: $ 0 <= 00000000
@000035d0: $ 0 <= 00000000
@000035d4: $ 0 <= 00000000
@000035d8: $ 0 <= 00000000
@000035dc: $ 0 <= 00000000
@000035e0: $ 0 <= 00000000
@000035e4: $ 0 <= 00000000
@000035e8: $ 0 <= 00000000
@000035ec: $ 0 <= 00000000
@000035f0: $ 0 <= 00000000
@000035f4: $ 0 <= 00000000
@000035f8: $ 0 <= 00000000
@000035fc: $ 0 <= 00000000
@00003600: $ 0 <= 00000000
@00003604: $ 0 <= 00000000
@00003608: $ 0 <= 00000000
@0000360c: $ 0 <= 00000000
@00003610: $ 0 <= 00000000
@00003614: $ 0 <= 00000000
@00003618: $ 0 <= 00000000
@0000361c: $ 0 <= 00000000
@00003620: $ 0 <= 00000000
@00003624: $ 0 <= 00000000
@00003628: $ 0 <= 00000000
@0000362c: $ 0 <= 00000000
@00003630: $ 0 <= 00000000
@00003634: $ 0 <= 00000000
@00003638: $ 0 <= 00000000
@0000363c: $ 0 <= 00000000
@00003640: $ 0 <= 00000000
@00003644: $ 0 <= 00000000
@00003648: $ 0 <= 00000000
@0000364c: $ 0 <= 00000000
@00003650: $ 0 <= 00000000
@00003654: $ 0 <= 00000000
@00003658: $ 0 <= 00000000
@0000365c: $ 0 <= 00000000
@00003660: $ 0 <= 00000000
@00003664: $ 0 <= 00000000
@00003668: $ 0 <= 00000000
@0000366c: $ 0 <= 00000000
@00003670: $ 0 <= 00000000
@00003674: $ 0 <= 00000000
@00003678: $ 0 <= 00000000
@0000367c: $ 0 <= 00000000
@00003680: $ 0 <= 00000000
@00003684: $ 0 <= 00000000
@00003688: $ 0 <= 00000000
@0000368c: $ 0 <= 00000000
@00003690: $ 0 <= 00000000
@00003694: $ 0 <= 00000000
@00003698: $ 0 <= 00000000
@0000369c: $ 0 <= 00000000
@000036a0: $ 0 <= 00000000
@000036a4: $ 0 <= 00000000
@000036a8: $ 0 <= 00000000
@000036ac: $ 0 <= 00000000
@000036b0: $ 0 <= 00000000
@000036b4: $ 0 <= 00000000
@000036b8: $ 0 <= 00000000
@000036bc: $ 0 <= 00000000
@000036c0: $ 0 <= 00000000
@000036c4: $ 0 <= 00000000
@000036c8: $ 0 <= 00000000
@000036cc: $ 0 <= 00000000
@000036d0: $ 0 <= 00000000
@000036d4: $ 0 <= 00000000
@000036d8: $ 0 <= 00000000
@000036dc: $ 0 <= 00000000
@000036e0: $ 0 <= 00000000
@000036e4: $ 0 <= 00000000
@000036e8: $ 0 <= 00000000
@000036ec: $ 0 <= 00000000
@000036f0: $ 0 <= 00000000
@000036f4: $ 0 <= 00000000
@000036f8: $ 0 <= 00000000
@000036fc: $ 0 <= 00000000
@00003700: $ 0 <= 00000000
@00003704: $ 0 <= 00000000
@00003708: $ 0 <= 00000000
@0000370c: $ 0 <= 00000000
@00003710: $ 0 <= 00000000
@00003714: $ 0 <= 00000000
@00003718: $ 0 <= 00000000
@0000371c: $ 0 <= 00000000
@00003720: $ 0 <= 00000000
@00003724: $ 0 <= 00000000
@00003728: $ 0 <= 00000000
@0000372c: $ 0 <= 00000000
@00003730: $ 0 <= 00000000
@00003734: $ 0 <= 00000000
@00003738: $ 0 <= 00000000
@0000373c: $ 0 <= 00000000
@00003740: $ 0 <= 00000000
@00003744: $ 0 <= 00000000
@00003748: $ 0 <= 00000000
@0000374c: $ 0 <= 00000000
@00003750: $ 0 <= 00000000
@00003754: $ 0 <= 00000000
@00003758: $ 0 <= 00000000
@0000375c: $ 0 <= 00000000
@00003760: $ 0 <= 00000000
@00003764: $ 0 <= 00000000
@00003768: $ 0 <= 00000000
@0000376c: $ 0 <= 00000000
@00003770: $ 0 <= 00000000
@00003774: $ 0 <= 00000000
@00003778: $ 0 <= 00000000
@0000377c: $ 0 <= 00000000
@00003780: $ 0 <= 00000000
@00003784: $ 0 <= 00000000
@00003788: $ 0 <= 00000000
@0000378c: $ 0 <= 00000000
@00003790: $ 0 <= 00000000
@00003794: $ 0 <= 00000000
@00003798: $ 0 <= 00000000
@0000379c: $ 0 <= 00000000
@000037a0: $ 0 <= 00000000
@000037a4: $ 0 <= 00000000
@000037a8: $ 0 <= 00000000
@000037ac: $ 0 <= 00000000
@000037b0: $ 0 <= 00000000
@000037b4: $ 0 <= 00000000
@000037b8: $ 0 <= 00000000
@000037bc: $ 0 <= 00000000
@000037c0: $ 0 <= 00000000
@000037c4: $ 0 <= 00000000
@000037c8: $ 0 <= 00000000
@000037cc: $ 0 <= 00000000
@000037d0: $ 0 <= 00000000
@000037d4: $ 0 <= 00000000
@000037d8: $ 0 <= 00000000
@000037dc: $ 0 <= 00000000
@000037e0: $ 0 <= 00000000
@000037e4: $ 0 <= 00000000
@000037e8: $ 0 <= 00000000
@000037ec: $ 0 <= 00000000
@000037f0: $ 0 <= 00000000
@000037f4: $ 0 <= 00000000
@000037f8: $ 0 <= 00000000
@000037fc: $ 0 <= 00000000
@00003800: $ 0 <= 00000000
@00003804: $ 0 <= 00000000
@00003808: $ 0 <= 00000000
@0000380c: $ 0 <= 00000000
@00003810: $ 0 <= 00000000
@00003814: $ 0 <= 00000000
@00003818: $ 0 <= 00000000
@0000381c: $ 0 <= 00000000
@00003820: $ 0 <= 00000000
@00003824: $ 0 <= 00000000
@00003828: $ 0 <= 00000000
@0000382c: $ 0 <= 00000000
@00003830: $ 0 <= 00000000
@00003834: $ 0 <= 00000000
@00003838: $ 0 <= 00000000
@0000383c: $ 0 <= 00000000
@00003840: $ 0 <= 00000000
@00003844: $ 0 <= 00000000
@00003848: $ 0 <= 00000000
@0000384c: $ 0 <= 00000000
@00003850: $ 0 <= 00000000
@00003854: $ 0 <= 00000000
@00003858: $ 0 <= 00000000
@0000385c: $ 0 <= 00000000
@00003860: $ 0 <= 00000000
@00003864: $ 0 <= 00000000
@00003868: $ 0 <= 00000000
@0000386c: $ 0 <= 00000000
@00003870: $ 0 <= 00000000
@00003874: $ 0 <= 00000000
@00003878: $ 0 <= 00000000
@0000387c: $ 0 <= 00000000
@00003880: $ 0 <= 00000000
@00003884: $ 0 <= 00000000
@00003888: $ 0 <= 00000000
@0000388c: $ 0 <= 00000000
@00003890: $ 0 <= 00000000
@00003894: $ 0 <= 00000000
@00003898: $ 0 <= 00000000
@0000389c: $ 0 <= 00000000
@000038a0: $ 0 <= 00000000
@000038a4: $ 0 <= 00000000
@000038a8: $ 0 <= 00000000
@000038ac: $ 0 <= 00000000
@000038b0: $ 0 <= 00000000
@000038b4: $ 0 <= 00000000
@000038b8: $ 0 <= 00000000
@000038bc: $ 0 <= 00000000
@000038c0: $ 0 <= 00000000
@000038c4: $ 0 <= 00000000
@000038c8: $ 0 <= 00000000
@000038cc: $ 0 <= 00000000
@000038d0: $ 0 <= 00000000
@000038d4: $ 0 <= 00000000
@000038d8: $ 0 <= 00000000
@000038dc: $ 0 <= 00000000
@000038e0: $ 0 <= 00000000
@000038e4: $ 0 <= 00000000
@000038e8: $ 0 <= 00000000
@000038ec: $ 0 <= 00000000
@000038f0: $ 0 <= 00000000
@000038f4: $ 0 <= 00000000
@000038f8: $ 0 <= 00000000
@000038fc: $ 0 <= 00000000
@00003900: $ 0 <= 00000000
@00003904: $ 0 <= 00000000
@00003908: $ 0 <= 00000000
@0000390c: $ 0 <= 00000000
@00003910: $ 0 <= 00000000
@00003914: $ 0 <= 00000000
@00003918: $ 0 <= 00000000
@0000391c: $ 0 <= 00000000
@00003920: $ 0 <= 00000000
@00003924: $ 0 <= 00000000
@00003928: $ 0 <= 00000000
@0000392c: $ 0 <= 00000000
@00003930: $ 0 <= 00000000
@00003934: $ 0 <= 00000000
@00003938: $ 0 <= 00000000
@0000393c: $ 0 <= 00000000
@00003940: $ 0 <= 00000000
@00003944: $ 0 <= 00000000
@00003948: $ 0 <= 00000000
@0000394c: $ 0 <= 00000000
@00003950: $ 0 <= 00000000
@00003954: $ 0 <= 00000000
@00003958: $ 0 <= 00000000
@0000395c: $ 0 <= 00000000
@00003960: $ 0 <= 00000000
@00003964: $ 0 <= 00000000
@00003968: $ 0 <= 00000000
@0000396c: $ 0 <= 00000000
@00003970: $ 0 <= 00000000
@00003974: $ 0 <= 00000000
@00003978: $ 0 <= 00000000
@0000397c: $ 0 <= 00000000
@00003980: $ 0 <= 00000000
@00003984: $ 0 <= 00000000
@00003988: $ 0 <= 00000000
@0000398c: $ 0 <= 00000000
@00003990: $ 0 <= 00000000
@00003994: $ 0 <= 00000000
@00003998: $ 0 <= 00000000
@0000399c: $ 0 <= 00000000
@000039a0: $ 0 <= 00000000
@000039a4: $ 0 <= 00000000
@000039a8: $ 0 <= 00000000
@000039ac: $ 0 <= 00000000
@000039b0: $ 0 <= 00000000
@000039b4: $ 0 <= 00000000
@000039b8: $ 0 <= 00000000
@000039bc: $ 0 <= 00000000
@000039c0: $ 0 <= 00000000
@000039c4: $ 0 <= 00000000
@000039c8: $ 0 <= 00000000
@000039cc: $ 0 <= 00000000
@000039d0: $ 0 <= 00000000
@000039d4: $ 0 <= 00000000
@000039d8: $ 0 <= 00000000
@000039dc: $ 0 <= 00000000
@000039e0: $ 0 <= 00000000
@000039e4: $ 0 <= 00000000
@000039e8: $ 0 <= 00000000
@000039ec: $ 0 <= 00000000
@000039f0: $ 0 <= 00000000
@000039f4: $ 0 <= 00000000
@000039f8: $ 0 <= 00000000
@000039fc: $ 0 <= 00000000
@00003a00: $ 0 <= 00000000
@00003a04: $ 0 <= 00000000
@00003a08: $ 0 <= 00000000
@00003a0c: $ 0 <= 00000000
@00003a10: $ 0 <= 00000000
@00003a14: $ 0 <= 00000000
@00003a18: $ 0 <= 00000000
@00003a1c: $ 0 <= 00000000
@00003a20: $ 0 <= 00000000
@00003a24: $ 0 <= 00000000
@00003a28: $ 0 <= 00000000
@00003a2c: $ 0 <= 00000000
@00003a30: $ 0 <= 00000000
@00003a34: $ 0 <= 00000000
@00003a38: $ 0 <= 00000000
@00003a3c: $ 0 <= 00000000
@00003a40: $ 0 <= 00000000
@00003a44: $ 0 <= 00000000
@00003a48: $ 0 <= 00000000
@00003a4c: $ 0 <= 00000000
@00003a50: $ 0 <= 00000000
@00003a54: $ 0 <= 00000000
@00003a58: $ 0 <= 00000000
@00003a5c: $ 0 <= 00000000
@00003a60: $ 0 <= 00000000
@00003a64: $ 0 <= 00000000
@00003a68: $ 0 <= 00000000
@00003a6c: $ 0 <= 00000000
@00003a70: $ 0 <= 00000000
@00003a74: $ 0 <= 00000000
@00003a78: $ 0 <= 00000000
@00003a7c: $ 0 <= 00000000
@00003a80: $ 0 <= 00000000
@00003a84: $ 0 <= 00000000
@00003a88: $ 0 <= 00000000
@00003a8c: $ 0 <= 00000000
@00003a90: $ 0 <= 00000000
@00003a94: $ 0 <= 00000000
@00003a98: $ 0 <= 00000000
@00003a9c: $ 0 <= 00000000
@00003aa0: $ 0 <= 00000000
@00003aa4: $ 0 <= 00000000
@00003aa8: $ 0 <= 00000000
@00003aac: $ 0 <= 00000000
@00003ab0: $ 0 <= 00000000
@00003ab4: $ 0 <= 00000000
@00003ab8: $ 0 <= 00000000
@00003abc: $ 0 <= 00000000
@00003ac0: $ 0 <= 00000000
@00003ac4: $ 0 <= 00000000
@00003ac8: $ 0 <= 00000000
@00003acc: $ 0 <= 00000000
@00003ad0: $ 0 <= 00000000
@00003ad4: $ 0 <= 00000000
@00003ad8: $ 0 <= 00000000
@00003adc: $ 0 <= 00000000
@00003ae0: $ 0 <= 00000000
@00003ae4: $ 0 <= 00000000
@00003ae8: $ 0 <= 00000000
@00003aec: $ 0 <= 00000000
@00003af0: $ 0 <= 00000000
@00003af4: $ 0 <= 00000000
@00003af8: $ 0 <= 00000000
@00003afc: $ 0 <= 00000000
@00003b00: $ 0 <= 00000000
@00003b04: $ 0 <= 00000000
@00003b08: $ 0 <= 00000000
@00003b0c: $ 0 <= 00000000
@00003b10: $ 0 <= 00000000
@00003b14: $ 0 <= 00000000
@00003b18: $ 0 <= 00000000
@00003b1c: $ 0 <= 00000000
@00003b20: $ 0 <= 00000000
@00003b24: $ 0 <= 00000000
@00003b28: $ 0 <= 00000000
@00003b2c: $ 0 <= 00000000
@00003b30: $ 0 <= 00000000
@00003b34: $ 0 <= 00000000
@00003b38: $ 0 <= 00000000
@00003b3c: $ 0 <= 00000000
@00003b40: $ 0 <= 00000000
@00003b44: $ 0 <= 00000000
@00003b48: $ 0 <= 00000000
@00003b4c: $ 0 <= 00000000
@00003b50: $ 0 <= 00000000
@00003b54: $ 0 <= 00000000
@00003b58: $ 0 <= 00000000
@00003b5c: $ 0 <= 00000000
@00003b60: $ 0 <= 00000000
@00003b64: $ 0 <= 00000000
@00003b68: $ 0 <= 00000000
@00003b6c: $ 0 <= 00000000
@00003b70: $ 0 <= 00000000
@00003b74: $ 0 <= 00000000
@00003b78: $ 0 <= 00000000
@00003b7c: $ 0 <= 00000000
@00003b80: $ 0 <= 00000000
@00003b84: $ 0 <= 00000000
@00003b88: $ 0 <= 00000000
@00003b8c: $ 0 <= 00000000
@00003b90: $ 0 <= 00000000
@00003b94: $ 0 <= 00000000
@00003b98: $ 0 <= 00000000
@00003b9c: $ 0 <= 00000000
@00003ba0: $ 0 <= 00000000
@00003ba4: $ 0 <= 00000000
@00003ba8: $ 0 <= 00000000
@00003bac: $ 0 <= 00000000
@00003bb0: $ 0 <= 00000000
@00003bb4: $ 0 <= 00000000
@00003bb8: $ 0 <= 00000000
@00003bbc: $ 0 <= 00000000
@00003bc0: $ 0 <= 00000000
@00003bc4: $ 0 <= 00000000
@00003bc8: $ 0 <= 00000000
@00003bcc: $ 0 <= 00000000
@00003bd0: $ 0 <= 00000000
@00003bd4: $ 0 <= 00000000
@00003bd8: $ 0 <= 00000000
@00003bdc: $ 0 <= 00000000
@00003be0: $ 0 <= 00000000
@00003be4: $ 0 <= 00000000
@00003be8: $ 0 <= 00000000
@00003bec: $ 0 <= 00000000
@00003bf0: $ 0 <= 00000000
@00003bf4: $ 0 <= 00000000
@00003bf8: $ 0 <= 00000000
@00003bfc: $ 0 <= 00000000
@00003c00: $ 0 <= 00000000
@00003c04: $ 0 <= 00000000
@00003c08: $ 0 <= 00000000
@00003c0c: $ 0 <= 00000000
@00003c10: $ 0 <= 00000000
@00003c14: $ 0 <= 00000000
@00003c18: $ 0 <= 00000000
@00003c1c: $ 0 <= 00000000
@00003c20: $ 0 <= 00000000
@00003c24: $ 0 <= 00000000
@00003c28: $ 0 <= 00000000
@00003c2c: $ 0 <= 00000000
@00003c30: $ 0 <= 00000000
@00003c34: $ 0 <= 00000000
@00003c38: $ 0 <= 00000000
@00003c3c: $ 0 <= 00000000
@00003c40: $ 0 <= 00000000
@00003c44: $ 0 <= 00000000
@00003c48: $ 0 <= 00000000
@00003c4c: $ 0 <= 00000000
@00003c50: $ 0 <= 00000000
@00003c54: $ 0 <= 00000000
@00003c58: $ 0 <= 00000000
@00003c5c: $ 0 <= 00000000
@00003c60: $ 0 <= 00000000
@00003c64: $ 0 <= 00000000
@00003c68: $ 0 <= 00000000
@00003c6c: $ 0 <= 00000000
@00003c70: $ 0 <= 00000000
@00003c74: $ 0 <= 00000000
@00003c78: $ 0 <= 00000000
@00003c7c: $ 0 <= 00000000
@00003c80: $ 0 <= 00000000
@00003c84: $ 0 <= 00000000
@00003c88: $ 0 <= 00000000
@00003c8c: $ 0 <= 00000000
@00003c90: $ 0 <= 00000000
@00003c94: $ 0 <= 00000000
@00003c98: $ 0 <= 00000000
@00003c9c: $ 0 <= 00000000
@00003ca0: $ 0 <= 00000000
@00003ca4: $ 0 <= 00000000
@00003ca8: $ 0 <= 00000000
@00003cac: $ 0 <= 00000000
@00003cb0: $ 0 <= 00000000
@00003cb4: $ 0 <= 00000000
@00003cb8: $ 0 <= 00000000
@00003cbc: $ 0 <= 00000000
@00003cc0: $ 0 <= 00000000
@00003cc4: $ 0 <= 00000000
@00003cc8: $ 0 <= 00000000
@00003ccc: $ 0 <= 00000000
@00003cd0: $ 0 <= 00000000
@00003cd4: $ 0 <= 00000000
@00003cd8: $ 0 <= 00000000
@00003cdc: $ 0 <= 00000000
@00003ce0: $ 0 <= 00000000
@00003ce4: $ 0 <= 00000000
@00003ce8: $ 0 <= 00000000
@00003cec: $ 0 <= 00000000
@00003cf0: $ 0 <= 00000000
@00003cf4: $ 0 <= 00000000
@00003cf8: $ 0 <= 00000000
@00003cfc: $ 0 <= 00000000
@00003d00: $ 0 <= 00000000
@00003d04: $ 0 <= 00000000
@00003d08: $ 0 <= 00000000
@00003d0c: $ 0 <= 00000000
@00003d10: $ 0 <= 00000000
@00003d14: $ 0 <= 00000000
@00003d18: $ 0 <= 00000000
@00003d1c: $ 0 <= 00000000
@00003d20: $ 0 <= 00000000
@00003d24: $ 0 <= 00000000
@00003d28: $ 0 <= 00000000
@00003d2c: $ 0 <= 00000000
@00003d30: $ 0 <= 00000000
@00003d34: $ 0 <= 00000000
@00003d38: $ 0 <= 00000000
@00003d3c: $ 0 <= 00000000
@00003d40: $ 0 <= 00000000
@00003d44: $ 0 <= 00000000
@00003d48: $ 0 <= 00000000
@00003d4c: $ 0 <= 00000000
@00003d50: $ 0 <= 00000000
@00003d54: $ 0 <= 00000000
@00003d58: $ 0 <= 00000000
@00003d5c: $ 0 <= 00000000
@00003d60: $ 0 <= 00000000
@00003d64: $ 0 <= 00000000
@00003d68: $ 0 <= 00000000
@00003d6c: $ 0 <= 00000000
@00003d70: $ 0 <= 00000000
@00003d74: $ 0 <= 00000000
@00003d78: $ 0 <= 00000000
@00003d7c: $ 0 <= 00000000
@00003d80: $ 0 <= 00000000
@00003d84: $ 0 <= 00000000
@00003d88: $ 0 <= 00000000
@00003d8c: $ 0 <= 00000000
@00003d90: $ 0 <= 00000000
@00003d94: $ 0 <= 00000000
@00003d98: $ 0 <= 00000000
@00003d9c: $ 0 <= 00000000
@00003da0: $ 0 <= 00000000
@00003da4: $ 0 <= 00000000
@00003da8: $ 0 <= 00000000
@00003dac: $ 0 <= 00000000
@00003db0: $ 0 <= 00000000
@00003db4: $ 0 <= 00000000
@00003db8: $ 0 <= 00000000
@00003dbc: $ 0 <= 00000000
@00003dc0: $ 0 <= 00000000
@00003dc4: $ 0 <= 00000000
@00003dc8: $ 0 <= 00000000
@00003dcc: $ 0 <= 00000000
@00003dd0: $ 0 <= 00000000
@00003dd4: $ 0 <= 00000000
@00003dd8: $ 0 <= 00000000
@00003ddc: $ 0 <= 00000000
@00003de0: $ 0 <= 00000000
@00003de4: $ 0 <= 00000000
@00003de8: $ 0 <= 00000000
@00003dec: $ 0 <= 00000000
@00003df0: $ 0 <= 00000000
@00003df4: $ 0 <= 00000000
@00003df8: $ 0 <= 00000000
@00003dfc: $ 0 <= 00000000
@00003e00: $ 0 <= 00000000
@00003e04: $ 0 <= 00000000
@00003e08: $ 0 <= 00000000
@00003e0c: $ 0 <= 00000000
@00003e10: $ 0 <= 00000000
@00003e14: $ 0 <= 00000000
@00003e18: $ 0 <= 00000000
@00003e1c: $ 0 <= 00000000
@00003e20: $ 0 <= 00000000
@00003e24: $ 0 <= 00000000
@00003e28: $ 0 <= 00000000
@00003e2c: $ 0 <= 00000000
@00003e30: $ 0 <= 00000000
@00003e34: $ 0 <= 00000000
@00003e38: $ 0 <= 00000000
@00003e3c: $ 0 <= 00000000
@00003e40: $ 0 <= 00000000
@00003e44: $ 0 <= 00000000
@00003e48: $ 0 <= 00000000
@00003e4c: $ 0 <= 00000000
@00003e50: $ 0 <= 00000000
@00003e54: $ 0 <= 00000000
@00003e58: $ 0 <= 00000000
@00003e5c: $ 0 <= 00000000
@00003e60: $ 0 <= 00000000
@00003e64: $ 0 <= 00000000
@00003e68: $ 0 <= 00000000
@00003e6c: $ 0 <= 00000000
@00003e70: $ 0 <= 00000000
@00003e74: $ 0 <= 00000000
@00003e78: $ 0 <= 00000000
@00003e7c: $ 0 <= 00000000
@00003e80: $ 0 <= 00000000
@00003e84: $ 0 <= 00000000
@00003e88: $ 0 <= 00000000
@00003e8c: $ 0 <= 00000000
@00003e90: $ 0 <= 00000000
@00003e94: $ 0 <= 00000000
@00003e98: $ 0 <= 00000000
@00003e9c: $ 0 <= 00000000
@00003ea0: $ 0 <= 00000000
@00003ea4: $ 0 <= 00000000
@00003ea8: $ 0 <= 00000000
@00003eac: $ 0 <= 00000000
@00003eb0: $ 0 <= 00000000
@00003eb4: $ 0 <= 00000000
@00003eb8: $ 0 <= 00000000
@00003ebc: $ 0 <= 00000000
@00003ec0: $ 0 <= 00000000
@00003ec4: $ 0 <= 00000000
@00003ec8: $ 0 <= 00000000
@00003ecc: $ 0 <= 00000000
@00003ed0: $ 0 <= 00000000
@00003ed4: $ 0 <= 00000000
@00003ed8: $ 0 <= 00000000
@00003edc: $ 0 <= 00000000
@00003ee0: $ 0 <= 00000000
@00003ee4: $ 0 <= 00000000
@00003ee8: $ 0 <= 00000000
@00003eec: $ 0 <= 00000000
@00003ef0: $ 0 <= 00000000
@00003ef4: $ 0 <= 00000000
@00003ef8: $ 0 <= 00000000
@00003efc: $ 0 <= 00000000
@00003f00: $ 0 <= 00000000
@00003f04: $ 0 <= 00000000
@00003f08: $ 0 <= 00000000
@00003f0c: $ 0 <= 00000000
@00003f10: $ 0 <= 00000000
@00003f14: $ 0 <= 00000000
@00003f18: $ 0 <= 00000000
@00003f1c: $ 0 <= 00000000
@00003f20: $ 0 <= 00000000
@00003f24: $ 0 <= 00000000
@00003f28: $ 0 <= 00000000
@00003f2c: $ 0 <= 00000000
@00003f30: $ 0 <= 00000000
@00003f34: $ 0 <= 00000000
@00003f38: $ 0 <= 00000000
@00003f3c: $ 0 <= 00000000
@00003f40: $ 0 <= 00000000
@00003f44: $ 0 <= 00000000
@00003f48: $ 0 <= 00000000
@00003f4c: $ 0 <= 00000000
@00003f50: $ 0 <= 00000000
@00003f54: $ 0 <= 00000000
